{"/Users/tim.mcconechy/Dev/enterprise-wc/build/development/ids-container/ids-container.js": {"path":"/Users/tim.mcconechy/Dev/enterprise-wc/build/development/ids-container/ids-container.js","statementMap":{"0":{"start":{"line":9,"column":9},"end":{"line":225,"column":1}},"1":{"start":{"line":11,"column":37},"end":{"line":73,"column":11}},"2":{"start":{"line":19,"column":0},"end":{"line":19,"column":781}},"3":{"start":{"line":29,"column":0},"end":{"line":29,"column":15823}},"4":{"start":{"line":39,"column":0},"end":{"line":39,"column":9598}},"5":{"start":{"line":49,"column":0},"end":{"line":49,"column":18166}},"6":{"start":{"line":59,"column":0},"end":{"line":59,"column":12042}},"7":{"start":{"line":69,"column":0},"end":{"line":69,"column":4910}},"8":{"start":{"line":76,"column":41},"end":{"line":76,"column":43}},"9":{"start":{"line":81,"column":30},"end":{"line":81,"column":64}},"10":{"start":{"line":82,"column":11},"end":{"line":84,"column":12}},"11":{"start":{"line":83,"column":12},"end":{"line":83,"column":40}},"12":{"start":{"line":86,"column":24},"end":{"line":90,"column":12}},"13":{"start":{"line":93,"column":11},"end":{"line":93,"column":86}},"14":{"start":{"line":96,"column":11},"end":{"line":96,"column":33}},"15":{"start":{"line":100,"column":10},"end":{"line":100,"column":54}},"16":{"start":{"line":104,"column":10},"end":{"line":133,"column":15}},"17":{"start":{"line":105,"column":26},"end":{"line":105,"column":28}},"18":{"start":{"line":106,"column":11},"end":{"line":132,"column":13}},"19":{"start":{"line":107,"column":12},"end":{"line":112,"column":13}},"20":{"start":{"line":108,"column":13},"end":{"line":108,"column":38}},"21":{"start":{"line":109,"column":13},"end":{"line":109,"column":117}},"22":{"start":{"line":109,"column":25},"end":{"line":109,"column":40}},"23":{"start":{"line":109,"column":87},"end":{"line":109,"column":117}},"24":{"start":{"line":110,"column":13},"end":{"line":110,"column":52}},"25":{"start":{"line":111,"column":13},"end":{"line":111,"column":20}},"26":{"start":{"line":113,"column":31},"end":{"line":113,"column":39}},"27":{"start":{"line":114,"column":12},"end":{"line":130,"column":13}},"28":{"start":{"line":114,"column":25},"end":{"line":114,"column":26}},"29":{"start":{"line":115,"column":44},"end":{"line":115,"column":55}},"30":{"start":{"line":116,"column":29},"end":{"line":116,"column":33}},"31":{"start":{"line":117,"column":13},"end":{"line":124,"column":14}},"32":{"start":{"line":117,"column":26},"end":{"line":117,"column":27}},"33":{"start":{"line":118,"column":14},"end":{"line":123,"column":15}},"34":{"start":{"line":118,"column":121},"end":{"line":118,"column":160}},"35":{"start":{"line":119,"column":15},"end":{"line":119,"column":39}},"36":{"start":{"line":121,"column":15},"end":{"line":121,"column":33}},"37":{"start":{"line":122,"column":15},"end":{"line":122,"column":67}},"38":{"start":{"line":122,"column":43},"end":{"line":122,"column":67}},"39":{"start":{"line":125,"column":13},"end":{"line":129,"column":14}},"40":{"start":{"line":126,"column":14},"end":{"line":126,"column":37}},"41":{"start":{"line":127,"column":22},"end":{"line":127,"column":26}},"42":{"start":{"line":128,"column":14},"end":{"line":128,"column":46}},"43":{"start":{"line":128,"column":35},"end":{"line":128,"column":46}},"44":{"start":{"line":131,"column":12},"end":{"line":131,"column":26}},"45":{"start":{"line":136,"column":10},"end":{"line":145,"column":15}},"46":{"start":{"line":138,"column":11},"end":{"line":144,"column":13}},"47":{"start":{"line":139,"column":12},"end":{"line":143,"column":13}},"48":{"start":{"line":140,"column":13},"end":{"line":142,"column":14}},"49":{"start":{"line":141,"column":14},"end":{"line":141,"column":94}},"50":{"start":{"line":148,"column":10},"end":{"line":150,"column":15}},"51":{"start":{"line":149,"column":11},"end":{"line":149,"column":99}},"52":{"start":{"line":149,"column":51},"end":{"line":149,"column":98}},"53":{"start":{"line":153,"column":10},"end":{"line":161,"column":15}},"54":{"start":{"line":155,"column":11},"end":{"line":160,"column":13}},"55":{"start":{"line":156,"column":12},"end":{"line":158,"column":13}},"56":{"start":{"line":157,"column":13},"end":{"line":157,"column":85}},"57":{"start":{"line":159,"column":12},"end":{"line":159,"column":74}},"58":{"start":{"line":164,"column":10},"end":{"line":214,"column":15}},"59":{"start":{"line":170,"column":33},"end":{"line":172,"column":12}},"60":{"start":{"line":184,"column":11},"end":{"line":184,"column":83}},"61":{"start":{"line":184,"column":51},"end":{"line":184,"column":81}},"62":{"start":{"line":187,"column":38},"end":{"line":209,"column":12}},"63":{"start":{"line":188,"column":51},"end":{"line":188,"column":55}},"64":{"start":{"line":191,"column":39},"end":{"line":191,"column":40}},"65":{"start":{"line":192,"column":12},"end":{"line":199,"column":13}},"66":{"start":{"line":192,"column":38},"end":{"line":192,"column":63}},"67":{"start":{"line":193,"column":13},"end":{"line":197,"column":14}},"68":{"start":{"line":194,"column":14},"end":{"line":196,"column":15}},"69":{"start":{"line":195,"column":15},"end":{"line":195,"column":71}},"70":{"start":{"line":198,"column":13},"end":{"line":198,"column":67}},"71":{"start":{"line":198,"column":38},"end":{"line":198,"column":66}},"72":{"start":{"line":200,"column":12},"end":{"line":200,"column":76}},"73":{"start":{"line":200,"column":43},"end":{"line":200,"column":76}},"74":{"start":{"line":201,"column":12},"end":{"line":207,"column":13}},"75":{"start":{"line":202,"column":13},"end":{"line":202,"column":35}},"76":{"start":{"line":203,"column":13},"end":{"line":205,"column":14}},"77":{"start":{"line":204,"column":14},"end":{"line":204,"column":44}},"78":{"start":{"line":206,"column":13},"end":{"line":206,"column":42}},"79":{"start":{"line":208,"column":12},"end":{"line":208,"column":49}},"80":{"start":{"line":211,"column":36},"end":{"line":211,"column":119}},"81":{"start":{"line":212,"column":11},"end":{"line":212,"column":74}},"82":{"start":{"line":213,"column":11},"end":{"line":213,"column":119}},"83":{"start":{"line":221,"column":36},"end":{"line":221,"column":321}},"84":{"start":{"line":221,"column":251},"end":{"line":221,"column":319}},"85":{"start":{"line":222,"column":10},"end":{"line":222,"column":75}}},"fnMap":{"0":{"name":"(anonymous_0)","decl":{"start":{"line":9,"column":10},"end":{"line":9,"column":11}},"loc":{"start":{"line":9,"column":16},"end":{"line":224,"column":10}},"line":9},"1":{"name":"(anonymous_1)","decl":{"start":{"line":17,"column":7},"end":{"line":17,"column":8}},"loc":{"start":{"line":17,"column":78},"end":{"line":21,"column":7}},"line":17},"2":{"name":"(anonymous_2)","decl":{"start":{"line":27,"column":7},"end":{"line":27,"column":8}},"loc":{"start":{"line":27,"column":78},"end":{"line":31,"column":7}},"line":27},"3":{"name":"(anonymous_3)","decl":{"start":{"line":37,"column":7},"end":{"line":37,"column":8}},"loc":{"start":{"line":37,"column":78},"end":{"line":41,"column":7}},"line":37},"4":{"name":"(anonymous_4)","decl":{"start":{"line":47,"column":7},"end":{"line":47,"column":8}},"loc":{"start":{"line":47,"column":78},"end":{"line":51,"column":7}},"line":47},"5":{"name":"(anonymous_5)","decl":{"start":{"line":57,"column":7},"end":{"line":57,"column":8}},"loc":{"start":{"line":57,"column":78},"end":{"line":61,"column":7}},"line":57},"6":{"name":"(anonymous_6)","decl":{"start":{"line":67,"column":7},"end":{"line":67,"column":8}},"loc":{"start":{"line":67,"column":78},"end":{"line":71,"column":7}},"line":67},"7":{"name":"__webpack_require__","decl":{"start":{"line":79,"column":19},"end":{"line":79,"column":38}},"loc":{"start":{"line":79,"column":49},"end":{"line":97,"column":11}},"line":79},"8":{"name":"(anonymous_8)","decl":{"start":{"line":104,"column":11},"end":{"line":104,"column":12}},"loc":{"start":{"line":104,"column":17},"end":{"line":133,"column":11}},"line":104},"9":{"name":"(anonymous_9)","decl":{"start":{"line":106,"column":35},"end":{"line":106,"column":36}},"loc":{"start":{"line":106,"column":71},"end":{"line":132,"column":12}},"line":106},"10":{"name":"(anonymous_10)","decl":{"start":{"line":118,"column":111},"end":{"line":118,"column":112}},"loc":{"start":{"line":118,"column":121},"end":{"line":118,"column":160}},"line":118},"11":{"name":"(anonymous_11)","decl":{"start":{"line":136,"column":11},"end":{"line":136,"column":12}},"loc":{"start":{"line":136,"column":17},"end":{"line":145,"column":11}},"line":136},"12":{"name":"(anonymous_12)","decl":{"start":{"line":138,"column":35},"end":{"line":138,"column":36}},"loc":{"start":{"line":138,"column":60},"end":{"line":144,"column":12}},"line":138},"13":{"name":"(anonymous_13)","decl":{"start":{"line":148,"column":11},"end":{"line":148,"column":12}},"loc":{"start":{"line":148,"column":17},"end":{"line":150,"column":11}},"line":148},"14":{"name":"(anonymous_14)","decl":{"start":{"line":149,"column":35},"end":{"line":149,"column":36}},"loc":{"start":{"line":149,"column":51},"end":{"line":149,"column":98}},"line":149},"15":{"name":"(anonymous_15)","decl":{"start":{"line":153,"column":11},"end":{"line":153,"column":12}},"loc":{"start":{"line":153,"column":17},"end":{"line":161,"column":11}},"line":153},"16":{"name":"(anonymous_16)","decl":{"start":{"line":155,"column":35},"end":{"line":155,"column":36}},"loc":{"start":{"line":155,"column":48},"end":{"line":160,"column":12}},"line":155},"17":{"name":"(anonymous_17)","decl":{"start":{"line":164,"column":11},"end":{"line":164,"column":12}},"loc":{"start":{"line":164,"column":17},"end":{"line":214,"column":11}},"line":164},"18":{"name":"(anonymous_18)","decl":{"start":{"line":184,"column":37},"end":{"line":184,"column":38}},"loc":{"start":{"line":184,"column":51},"end":{"line":184,"column":81}},"line":184},"19":{"name":"(anonymous_19)","decl":{"start":{"line":187,"column":38},"end":{"line":187,"column":39}},"loc":{"start":{"line":187,"column":76},"end":{"line":209,"column":12}},"line":187},"20":{"name":"(anonymous_20)","decl":{"start":{"line":192,"column":29},"end":{"line":192,"column":30}},"loc":{"start":{"line":192,"column":38},"end":{"line":192,"column":63}},"line":192},"21":{"name":"(anonymous_21)","decl":{"start":{"line":221,"column":244},"end":{"line":221,"column":245}},"loc":{"start":{"line":221,"column":251},"end":{"line":221,"column":319}},"line":221}},"branchMap":{"0":{"loc":{"start":{"line":82,"column":11},"end":{"line":84,"column":12}},"type":"if","locations":[{"start":{"line":82,"column":11},"end":{"line":84,"column":12}},{"start":{"line":82,"column":11},"end":{"line":84,"column":12}}],"line":82},"1":{"loc":{"start":{"line":107,"column":12},"end":{"line":112,"column":13}},"type":"if","locations":[{"start":{"line":107,"column":12},"end":{"line":112,"column":13}},{"start":{"line":107,"column":12},"end":{"line":112,"column":13}}],"line":107},"2":{"loc":{"start":{"line":108,"column":24},"end":{"line":108,"column":37}},"type":"binary-expr","locations":[{"start":{"line":108,"column":24},"end":{"line":108,"column":32}},{"start":{"line":108,"column":36},"end":{"line":108,"column":37}}],"line":108},"3":{"loc":{"start":{"line":109,"column":42},"end":{"line":109,"column":80}},"type":"binary-expr","locations":[{"start":{"line":109,"column":42},"end":{"line":109,"column":47}},{"start":{"line":109,"column":51},"end":{"line":109,"column":80}}],"line":109},"4":{"loc":{"start":{"line":118,"column":14},"end":{"line":123,"column":15}},"type":"if","locations":[{"start":{"line":118,"column":14},"end":{"line":123,"column":15}},{"start":{"line":118,"column":14},"end":{"line":123,"column":15}}],"line":118},"5":{"loc":{"start":{"line":118,"column":18},"end":{"line":118,"column":162}},"type":"binary-expr","locations":[{"start":{"line":118,"column":19},"end":{"line":118,"column":37}},{"start":{"line":118,"column":41},"end":{"line":118,"column":65}},{"start":{"line":118,"column":70},"end":{"line":118,"column":162}}],"line":118},"6":{"loc":{"start":{"line":122,"column":15},"end":{"line":122,"column":67}},"type":"if","locations":[{"start":{"line":122,"column":15},"end":{"line":122,"column":67}},{"start":{"line":122,"column":15},"end":{"line":122,"column":67}}],"line":122},"7":{"loc":{"start":{"line":125,"column":13},"end":{"line":129,"column":14}},"type":"if","locations":[{"start":{"line":125,"column":13},"end":{"line":129,"column":14}},{"start":{"line":125,"column":13},"end":{"line":129,"column":14}}],"line":125},"8":{"loc":{"start":{"line":128,"column":14},"end":{"line":128,"column":46}},"type":"if","locations":[{"start":{"line":128,"column":14},"end":{"line":128,"column":46}},{"start":{"line":128,"column":14},"end":{"line":128,"column":46}}],"line":128},"9":{"loc":{"start":{"line":140,"column":13},"end":{"line":142,"column":14}},"type":"if","locations":[{"start":{"line":140,"column":13},"end":{"line":142,"column":14}},{"start":{"line":140,"column":13},"end":{"line":142,"column":14}}],"line":140},"10":{"loc":{"start":{"line":140,"column":16},"end":{"line":140,"column":94}},"type":"binary-expr","locations":[{"start":{"line":140,"column":16},"end":{"line":140,"column":54}},{"start":{"line":140,"column":58},"end":{"line":140,"column":94}}],"line":140},"11":{"loc":{"start":{"line":156,"column":12},"end":{"line":158,"column":13}},"type":"if","locations":[{"start":{"line":156,"column":12},"end":{"line":158,"column":13}},{"start":{"line":156,"column":12},"end":{"line":158,"column":13}}],"line":156},"12":{"loc":{"start":{"line":156,"column":15},"end":{"line":156,"column":66}},"type":"binary-expr","locations":[{"start":{"line":156,"column":15},"end":{"line":156,"column":44}},{"start":{"line":156,"column":48},"end":{"line":156,"column":66}}],"line":156},"13":{"loc":{"start":{"line":192,"column":12},"end":{"line":199,"column":13}},"type":"if","locations":[{"start":{"line":192,"column":12},"end":{"line":199,"column":13}},{"start":{"line":192,"column":12},"end":{"line":199,"column":13}}],"line":192},"14":{"loc":{"start":{"line":194,"column":14},"end":{"line":196,"column":15}},"type":"if","locations":[{"start":{"line":194,"column":14},"end":{"line":196,"column":15}},{"start":{"line":194,"column":14},"end":{"line":196,"column":15}}],"line":194},"15":{"loc":{"start":{"line":198,"column":13},"end":{"line":198,"column":67}},"type":"if","locations":[{"start":{"line":198,"column":13},"end":{"line":198,"column":67}},{"start":{"line":198,"column":13},"end":{"line":198,"column":67}}],"line":198},"16":{"loc":{"start":{"line":200,"column":12},"end":{"line":200,"column":76}},"type":"if","locations":[{"start":{"line":200,"column":12},"end":{"line":200,"column":76}},{"start":{"line":200,"column":12},"end":{"line":200,"column":76}}],"line":200},"17":{"loc":{"start":{"line":203,"column":13},"end":{"line":205,"column":14}},"type":"if","locations":[{"start":{"line":203,"column":13},"end":{"line":205,"column":14}},{"start":{"line":203,"column":13},"end":{"line":205,"column":14}}],"line":203},"18":{"loc":{"start":{"line":203,"column":16},"end":{"line":203,"column":91}},"type":"binary-expr","locations":[{"start":{"line":203,"column":16},"end":{"line":203,"column":63}},{"start":{"line":203,"column":67},"end":{"line":203,"column":91}}],"line":203},"19":{"loc":{"start":{"line":211,"column":76},"end":{"line":211,"column":119}},"type":"binary-expr","locations":[{"start":{"line":211,"column":76},"end":{"line":211,"column":113}},{"start":{"line":211,"column":117},"end":{"line":211,"column":119}}],"line":211}},"s":{"0":16,"1":16,"2":16,"3":16,"4":16,"5":16,"6":16,"7":16,"8":16,"9":192,"10":192,"11":48,"12":152,"13":152,"14":152,"15":16,"16":16,"17":16,"18":16,"19":248,"20":16,"21":192,"22":192,"23":40,"24":152,"25":152,"26":376,"27":240,"28":240,"29":144,"30":496,"31":496,"32":16,"33":32,"34":1000,"35":32,"36":8,"37":144,"38":144,"39":152,"40":16,"41":8,"42":8,"43":8,"44":232,"45":8,"46":8,"47":136,"48":488,"49":488,"50":8,"51":8,"52":1792,"53":8,"54":8,"55":144,"56":144,"57":144,"58":8,"59":8,"60":8,"61":24,"62":8,"63":224,"64":224,"65":224,"66":224,"67":224,"68":592,"69":592,"70":224,"71":0,"72":224,"73":200,"74":224,"75":224,"76":224,"77":0,"78":224,"79":224,"80":8,"81":8,"82":8,"83":8,"84":8,"85":8},"f":{"0":16,"1":16,"2":16,"3":16,"4":16,"5":16,"6":16,"7":192,"8":16,"9":248,"10":32,"11":16,"12":144,"13":16,"14":1800,"15":16,"16":152,"17":16,"18":32,"19":408,"20":232,"21":144,"22":7,"23":854,"24":7,"25":126},"b":{"0":[80,288],"1":[496,232],"2":[496,496],"3":[152,0],"4":[168,144],"5":[24,24,24],"6":[0,0],"7":[8,0],"8":[8,0],"9":[488,0],"10":[488,488],"11":[144,0],"12":[144,144],"13":[224,0],"14":[592,0],"15":[0,224],"16":[200,24],"17":[0,224],"18":[224,0],"19":[8,0]},"_coverageSchema":"1a1c01bbd47fc00a2c39e90264f33305004495a9","hash":"6bee4ecb37b64b840873f1f761563f938df08bb9"}
,"/Users/tim.mcconechy/Dev/enterprise-wc/build/development/ids-icon/ids-icon.js": {"path":"/Users/tim.mcconechy/Dev/enterprise-wc/build/development/ids-icon/ids-icon.js","statementMap":{"0":{"start":{"line":9,"column":9},"end":{"line":185,"column":1}},"1":{"start":{"line":11,"column":37},"end":{"line":33,"column":11}},"2":{"start":{"line":19,"column":0},"end":{"line":19,"column":736}},"3":{"start":{"line":29,"column":0},"end":{"line":29,"column":9598}},"4":{"start":{"line":36,"column":41},"end":{"line":36,"column":43}},"5":{"start":{"line":41,"column":30},"end":{"line":41,"column":64}},"6":{"start":{"line":42,"column":11},"end":{"line":44,"column":12}},"7":{"start":{"line":43,"column":12},"end":{"line":43,"column":40}},"8":{"start":{"line":46,"column":24},"end":{"line":50,"column":12}},"9":{"start":{"line":53,"column":11},"end":{"line":53,"column":86}},"10":{"start":{"line":56,"column":11},"end":{"line":56,"column":33}},"11":{"start":{"line":60,"column":10},"end":{"line":60,"column":54}},"12":{"start":{"line":64,"column":10},"end":{"line":93,"column":15}},"13":{"start":{"line":65,"column":26},"end":{"line":65,"column":28}},"14":{"start":{"line":66,"column":11},"end":{"line":92,"column":13}},"15":{"start":{"line":67,"column":12},"end":{"line":72,"column":13}},"16":{"start":{"line":68,"column":13},"end":{"line":68,"column":38}},"17":{"start":{"line":69,"column":13},"end":{"line":69,"column":117}},"18":{"start":{"line":69,"column":25},"end":{"line":69,"column":40}},"19":{"start":{"line":69,"column":87},"end":{"line":69,"column":117}},"20":{"start":{"line":70,"column":13},"end":{"line":70,"column":52}},"21":{"start":{"line":71,"column":13},"end":{"line":71,"column":20}},"22":{"start":{"line":73,"column":31},"end":{"line":73,"column":39}},"23":{"start":{"line":74,"column":12},"end":{"line":90,"column":13}},"24":{"start":{"line":74,"column":25},"end":{"line":74,"column":26}},"25":{"start":{"line":75,"column":44},"end":{"line":75,"column":55}},"26":{"start":{"line":76,"column":29},"end":{"line":76,"column":33}},"27":{"start":{"line":77,"column":13},"end":{"line":84,"column":14}},"28":{"start":{"line":77,"column":26},"end":{"line":77,"column":27}},"29":{"start":{"line":78,"column":14},"end":{"line":83,"column":15}},"30":{"start":{"line":78,"column":121},"end":{"line":78,"column":160}},"31":{"start":{"line":79,"column":15},"end":{"line":79,"column":39}},"32":{"start":{"line":81,"column":15},"end":{"line":81,"column":33}},"33":{"start":{"line":82,"column":15},"end":{"line":82,"column":67}},"34":{"start":{"line":82,"column":43},"end":{"line":82,"column":67}},"35":{"start":{"line":85,"column":13},"end":{"line":89,"column":14}},"36":{"start":{"line":86,"column":14},"end":{"line":86,"column":37}},"37":{"start":{"line":87,"column":22},"end":{"line":87,"column":26}},"38":{"start":{"line":88,"column":14},"end":{"line":88,"column":46}},"39":{"start":{"line":88,"column":35},"end":{"line":88,"column":46}},"40":{"start":{"line":91,"column":12},"end":{"line":91,"column":26}},"41":{"start":{"line":96,"column":10},"end":{"line":105,"column":15}},"42":{"start":{"line":98,"column":11},"end":{"line":104,"column":13}},"43":{"start":{"line":99,"column":12},"end":{"line":103,"column":13}},"44":{"start":{"line":100,"column":13},"end":{"line":102,"column":14}},"45":{"start":{"line":101,"column":14},"end":{"line":101,"column":94}},"46":{"start":{"line":108,"column":10},"end":{"line":110,"column":15}},"47":{"start":{"line":109,"column":11},"end":{"line":109,"column":99}},"48":{"start":{"line":109,"column":51},"end":{"line":109,"column":98}},"49":{"start":{"line":113,"column":10},"end":{"line":121,"column":15}},"50":{"start":{"line":115,"column":11},"end":{"line":120,"column":13}},"51":{"start":{"line":116,"column":12},"end":{"line":118,"column":13}},"52":{"start":{"line":117,"column":13},"end":{"line":117,"column":85}},"53":{"start":{"line":119,"column":12},"end":{"line":119,"column":74}},"54":{"start":{"line":124,"column":10},"end":{"line":174,"column":15}},"55":{"start":{"line":130,"column":33},"end":{"line":132,"column":12}},"56":{"start":{"line":144,"column":11},"end":{"line":144,"column":83}},"57":{"start":{"line":144,"column":51},"end":{"line":144,"column":81}},"58":{"start":{"line":147,"column":38},"end":{"line":169,"column":12}},"59":{"start":{"line":148,"column":51},"end":{"line":148,"column":55}},"60":{"start":{"line":151,"column":39},"end":{"line":151,"column":40}},"61":{"start":{"line":152,"column":12},"end":{"line":159,"column":13}},"62":{"start":{"line":152,"column":38},"end":{"line":152,"column":63}},"63":{"start":{"line":153,"column":13},"end":{"line":157,"column":14}},"64":{"start":{"line":154,"column":14},"end":{"line":156,"column":15}},"65":{"start":{"line":155,"column":15},"end":{"line":155,"column":71}},"66":{"start":{"line":158,"column":13},"end":{"line":158,"column":67}},"67":{"start":{"line":158,"column":38},"end":{"line":158,"column":66}},"68":{"start":{"line":160,"column":12},"end":{"line":160,"column":76}},"69":{"start":{"line":160,"column":43},"end":{"line":160,"column":76}},"70":{"start":{"line":161,"column":12},"end":{"line":167,"column":13}},"71":{"start":{"line":162,"column":13},"end":{"line":162,"column":35}},"72":{"start":{"line":163,"column":13},"end":{"line":165,"column":14}},"73":{"start":{"line":164,"column":14},"end":{"line":164,"column":44}},"74":{"start":{"line":166,"column":13},"end":{"line":166,"column":42}},"75":{"start":{"line":168,"column":12},"end":{"line":168,"column":49}},"76":{"start":{"line":171,"column":36},"end":{"line":171,"column":119}},"77":{"start":{"line":172,"column":11},"end":{"line":172,"column":74}},"78":{"start":{"line":173,"column":11},"end":{"line":173,"column":119}},"79":{"start":{"line":181,"column":36},"end":{"line":181,"column":616}},"80":{"start":{"line":181,"column":551},"end":{"line":181,"column":614}},"81":{"start":{"line":182,"column":10},"end":{"line":182,"column":75}}},"fnMap":{"0":{"name":"(anonymous_0)","decl":{"start":{"line":9,"column":10},"end":{"line":9,"column":11}},"loc":{"start":{"line":9,"column":16},"end":{"line":184,"column":10}},"line":9},"1":{"name":"(anonymous_1)","decl":{"start":{"line":17,"column":7},"end":{"line":17,"column":8}},"loc":{"start":{"line":17,"column":78},"end":{"line":21,"column":7}},"line":17},"2":{"name":"(anonymous_2)","decl":{"start":{"line":27,"column":7},"end":{"line":27,"column":8}},"loc":{"start":{"line":27,"column":78},"end":{"line":31,"column":7}},"line":27},"3":{"name":"__webpack_require__","decl":{"start":{"line":39,"column":19},"end":{"line":39,"column":38}},"loc":{"start":{"line":39,"column":49},"end":{"line":57,"column":11}},"line":39},"4":{"name":"(anonymous_4)","decl":{"start":{"line":64,"column":11},"end":{"line":64,"column":12}},"loc":{"start":{"line":64,"column":17},"end":{"line":93,"column":11}},"line":64},"5":{"name":"(anonymous_5)","decl":{"start":{"line":66,"column":35},"end":{"line":66,"column":36}},"loc":{"start":{"line":66,"column":71},"end":{"line":92,"column":12}},"line":66},"6":{"name":"(anonymous_6)","decl":{"start":{"line":78,"column":111},"end":{"line":78,"column":112}},"loc":{"start":{"line":78,"column":121},"end":{"line":78,"column":160}},"line":78},"7":{"name":"(anonymous_7)","decl":{"start":{"line":96,"column":11},"end":{"line":96,"column":12}},"loc":{"start":{"line":96,"column":17},"end":{"line":105,"column":11}},"line":96},"8":{"name":"(anonymous_8)","decl":{"start":{"line":98,"column":35},"end":{"line":98,"column":36}},"loc":{"start":{"line":98,"column":60},"end":{"line":104,"column":12}},"line":98},"9":{"name":"(anonymous_9)","decl":{"start":{"line":108,"column":11},"end":{"line":108,"column":12}},"loc":{"start":{"line":108,"column":17},"end":{"line":110,"column":11}},"line":108},"10":{"name":"(anonymous_10)","decl":{"start":{"line":109,"column":35},"end":{"line":109,"column":36}},"loc":{"start":{"line":109,"column":51},"end":{"line":109,"column":98}},"line":109},"11":{"name":"(anonymous_11)","decl":{"start":{"line":113,"column":11},"end":{"line":113,"column":12}},"loc":{"start":{"line":113,"column":17},"end":{"line":121,"column":11}},"line":113},"12":{"name":"(anonymous_12)","decl":{"start":{"line":115,"column":35},"end":{"line":115,"column":36}},"loc":{"start":{"line":115,"column":48},"end":{"line":120,"column":12}},"line":115},"13":{"name":"(anonymous_13)","decl":{"start":{"line":124,"column":11},"end":{"line":124,"column":12}},"loc":{"start":{"line":124,"column":17},"end":{"line":174,"column":11}},"line":124},"14":{"name":"(anonymous_14)","decl":{"start":{"line":144,"column":37},"end":{"line":144,"column":38}},"loc":{"start":{"line":144,"column":51},"end":{"line":144,"column":81}},"line":144},"15":{"name":"(anonymous_15)","decl":{"start":{"line":147,"column":38},"end":{"line":147,"column":39}},"loc":{"start":{"line":147,"column":76},"end":{"line":169,"column":12}},"line":147},"16":{"name":"(anonymous_16)","decl":{"start":{"line":152,"column":29},"end":{"line":152,"column":30}},"loc":{"start":{"line":152,"column":38},"end":{"line":152,"column":63}},"line":152},"17":{"name":"(anonymous_17)","decl":{"start":{"line":181,"column":544},"end":{"line":181,"column":545}},"loc":{"start":{"line":181,"column":551},"end":{"line":181,"column":614}},"line":181}},"branchMap":{"0":{"loc":{"start":{"line":42,"column":11},"end":{"line":44,"column":12}},"type":"if","locations":[{"start":{"line":42,"column":11},"end":{"line":44,"column":12}},{"start":{"line":42,"column":11},"end":{"line":44,"column":12}}],"line":42},"1":{"loc":{"start":{"line":67,"column":12},"end":{"line":72,"column":13}},"type":"if","locations":[{"start":{"line":67,"column":12},"end":{"line":72,"column":13}},{"start":{"line":67,"column":12},"end":{"line":72,"column":13}}],"line":67},"2":{"loc":{"start":{"line":68,"column":24},"end":{"line":68,"column":37}},"type":"binary-expr","locations":[{"start":{"line":68,"column":24},"end":{"line":68,"column":32}},{"start":{"line":68,"column":36},"end":{"line":68,"column":37}}],"line":68},"3":{"loc":{"start":{"line":69,"column":42},"end":{"line":69,"column":80}},"type":"binary-expr","locations":[{"start":{"line":69,"column":42},"end":{"line":69,"column":47}},{"start":{"line":69,"column":51},"end":{"line":69,"column":80}}],"line":69},"4":{"loc":{"start":{"line":78,"column":14},"end":{"line":83,"column":15}},"type":"if","locations":[{"start":{"line":78,"column":14},"end":{"line":83,"column":15}},{"start":{"line":78,"column":14},"end":{"line":83,"column":15}}],"line":78},"5":{"loc":{"start":{"line":78,"column":18},"end":{"line":78,"column":162}},"type":"binary-expr","locations":[{"start":{"line":78,"column":19},"end":{"line":78,"column":37}},{"start":{"line":78,"column":41},"end":{"line":78,"column":65}},{"start":{"line":78,"column":70},"end":{"line":78,"column":162}}],"line":78},"6":{"loc":{"start":{"line":82,"column":15},"end":{"line":82,"column":67}},"type":"if","locations":[{"start":{"line":82,"column":15},"end":{"line":82,"column":67}},{"start":{"line":82,"column":15},"end":{"line":82,"column":67}}],"line":82},"7":{"loc":{"start":{"line":85,"column":13},"end":{"line":89,"column":14}},"type":"if","locations":[{"start":{"line":85,"column":13},"end":{"line":89,"column":14}},{"start":{"line":85,"column":13},"end":{"line":89,"column":14}}],"line":85},"8":{"loc":{"start":{"line":88,"column":14},"end":{"line":88,"column":46}},"type":"if","locations":[{"start":{"line":88,"column":14},"end":{"line":88,"column":46}},{"start":{"line":88,"column":14},"end":{"line":88,"column":46}}],"line":88},"9":{"loc":{"start":{"line":100,"column":13},"end":{"line":102,"column":14}},"type":"if","locations":[{"start":{"line":100,"column":13},"end":{"line":102,"column":14}},{"start":{"line":100,"column":13},"end":{"line":102,"column":14}}],"line":100},"10":{"loc":{"start":{"line":100,"column":16},"end":{"line":100,"column":94}},"type":"binary-expr","locations":[{"start":{"line":100,"column":16},"end":{"line":100,"column":54}},{"start":{"line":100,"column":58},"end":{"line":100,"column":94}}],"line":100},"11":{"loc":{"start":{"line":116,"column":12},"end":{"line":118,"column":13}},"type":"if","locations":[{"start":{"line":116,"column":12},"end":{"line":118,"column":13}},{"start":{"line":116,"column":12},"end":{"line":118,"column":13}}],"line":116},"12":{"loc":{"start":{"line":116,"column":15},"end":{"line":116,"column":66}},"type":"binary-expr","locations":[{"start":{"line":116,"column":15},"end":{"line":116,"column":44}},{"start":{"line":116,"column":48},"end":{"line":116,"column":66}}],"line":116},"13":{"loc":{"start":{"line":152,"column":12},"end":{"line":159,"column":13}},"type":"if","locations":[{"start":{"line":152,"column":12},"end":{"line":159,"column":13}},{"start":{"line":152,"column":12},"end":{"line":159,"column":13}}],"line":152},"14":{"loc":{"start":{"line":154,"column":14},"end":{"line":156,"column":15}},"type":"if","locations":[{"start":{"line":154,"column":14},"end":{"line":156,"column":15}},{"start":{"line":154,"column":14},"end":{"line":156,"column":15}}],"line":154},"15":{"loc":{"start":{"line":158,"column":13},"end":{"line":158,"column":67}},"type":"if","locations":[{"start":{"line":158,"column":13},"end":{"line":158,"column":67}},{"start":{"line":158,"column":13},"end":{"line":158,"column":67}}],"line":158},"16":{"loc":{"start":{"line":160,"column":12},"end":{"line":160,"column":76}},"type":"if","locations":[{"start":{"line":160,"column":12},"end":{"line":160,"column":76}},{"start":{"line":160,"column":12},"end":{"line":160,"column":76}}],"line":160},"17":{"loc":{"start":{"line":163,"column":13},"end":{"line":165,"column":14}},"type":"if","locations":[{"start":{"line":163,"column":13},"end":{"line":165,"column":14}},{"start":{"line":163,"column":13},"end":{"line":165,"column":14}}],"line":163},"18":{"loc":{"start":{"line":163,"column":16},"end":{"line":163,"column":91}},"type":"binary-expr","locations":[{"start":{"line":163,"column":16},"end":{"line":163,"column":63}},{"start":{"line":163,"column":67},"end":{"line":163,"column":91}}],"line":163},"19":{"loc":{"start":{"line":171,"column":76},"end":{"line":171,"column":119}},"type":"binary-expr","locations":[{"start":{"line":171,"column":76},"end":{"line":171,"column":113}},{"start":{"line":171,"column":117},"end":{"line":171,"column":119}}],"line":171}},"s":{"0":16,"1":16,"2":16,"3":16,"4":16,"5":224,"6":224,"7":48,"8":184,"9":184,"10":184,"11":16,"12":16,"13":16,"14":16,"15":248,"16":16,"17":16,"18":16,"19":8,"20":16,"21":16,"22":240,"23":240,"24":240,"25":224,"26":224,"27":48,"28":184,"29":232,"30":232,"31":64,"32":8,"33":152,"34":632,"35":640,"36":16,"37":16,"38":1272,"39":16,"40":240,"41":168,"42":168,"43":312,"44":640,"45":632,"46":8,"47":8,"48":2080,"49":8,"50":8,"51":160,"52":160,"53":160,"54":8,"55":8,"56":8,"57":56,"58":8,"59":224,"60":224,"61":224,"62":224,"63":224,"64":592,"65":592,"66":224,"67":0,"68":224,"69":168,"70":224,"71":224,"72":224,"73":0,"74":224,"75":224,"76":8,"77":8,"78":8,"79":8,"80":8,"81":8},"f":{"0":16,"1":16,"2":16,"3":224,"4":16,"5":248,"6":64,"7":16,"8":160,"9":16,"10":2088,"11":16,"12":168,"13":16,"14":64,"15":232,"16":232,"17":16,"18":7,"19":7,"20":7,"21":7,"22":7,"23":189,"24":7,"25":133,"26":7,"27":1106,"28":7,"29":140},"b":{"0":[80,352],"1":[640,232],"2":[640,640],"3":[168,0],"4":[216,160],"5":[56,56,56],"6":[0,0],"7":[8,0],"8":[8,0],"9":[632,0],"10":[632,632],"11":[160,0],"12":[160,160],"13":[224,0],"14":[592,0],"15":[0,224],"16":[168,56],"17":[0,224],"18":[224,0],"19":[8,0]},"_coverageSchema":"1a1c01bbd47fc00a2c39e90264f33305004495a9","hash":"3451f889a4c8699f19c399746b78fec6ca7a5a50"}
,"/Users/tim.mcconechy/Dev/enterprise-wc/build/development/ids-layout-grid/ids-layout-grid.js": {"path":"/Users/tim.mcconechy/Dev/enterprise-wc/build/development/ids-layout-grid/ids-layout-grid.js","statementMap":{"0":{"start":{"line":9,"column":9},"end":{"line":240,"column":1}},"1":{"start":{"line":11,"column":37},"end":{"line":83,"column":11}},"2":{"start":{"line":19,"column":0},"end":{"line":19,"column":2915}},"3":{"start":{"line":29,"column":0},"end":{"line":29,"column":91908}},"4":{"start":{"line":39,"column":0},"end":{"line":39,"column":19017}},"5":{"start":{"line":49,"column":0},"end":{"line":49,"column":3193}},"6":{"start":{"line":59,"column":0},"end":{"line":59,"column":20262}},"7":{"start":{"line":69,"column":0},"end":{"line":69,"column":1490}},"8":{"start":{"line":79,"column":0},"end":{"line":79,"column":83}},"9":{"start":{"line":86,"column":41},"end":{"line":86,"column":43}},"10":{"start":{"line":91,"column":30},"end":{"line":91,"column":64}},"11":{"start":{"line":92,"column":11},"end":{"line":94,"column":12}},"12":{"start":{"line":93,"column":12},"end":{"line":93,"column":40}},"13":{"start":{"line":96,"column":24},"end":{"line":100,"column":12}},"14":{"start":{"line":103,"column":11},"end":{"line":103,"column":86}},"15":{"start":{"line":106,"column":11},"end":{"line":106,"column":33}},"16":{"start":{"line":110,"column":10},"end":{"line":110,"column":54}},"17":{"start":{"line":114,"column":10},"end":{"line":143,"column":15}},"18":{"start":{"line":115,"column":26},"end":{"line":115,"column":28}},"19":{"start":{"line":116,"column":11},"end":{"line":142,"column":13}},"20":{"start":{"line":117,"column":12},"end":{"line":122,"column":13}},"21":{"start":{"line":118,"column":13},"end":{"line":118,"column":38}},"22":{"start":{"line":119,"column":13},"end":{"line":119,"column":117}},"23":{"start":{"line":119,"column":25},"end":{"line":119,"column":40}},"24":{"start":{"line":119,"column":87},"end":{"line":119,"column":117}},"25":{"start":{"line":120,"column":13},"end":{"line":120,"column":52}},"26":{"start":{"line":121,"column":13},"end":{"line":121,"column":20}},"27":{"start":{"line":123,"column":31},"end":{"line":123,"column":39}},"28":{"start":{"line":124,"column":12},"end":{"line":140,"column":13}},"29":{"start":{"line":124,"column":25},"end":{"line":124,"column":26}},"30":{"start":{"line":125,"column":44},"end":{"line":125,"column":55}},"31":{"start":{"line":126,"column":29},"end":{"line":126,"column":33}},"32":{"start":{"line":127,"column":13},"end":{"line":134,"column":14}},"33":{"start":{"line":127,"column":26},"end":{"line":127,"column":27}},"34":{"start":{"line":128,"column":14},"end":{"line":133,"column":15}},"35":{"start":{"line":128,"column":121},"end":{"line":128,"column":160}},"36":{"start":{"line":129,"column":15},"end":{"line":129,"column":39}},"37":{"start":{"line":131,"column":15},"end":{"line":131,"column":33}},"38":{"start":{"line":132,"column":15},"end":{"line":132,"column":67}},"39":{"start":{"line":132,"column":43},"end":{"line":132,"column":67}},"40":{"start":{"line":135,"column":13},"end":{"line":139,"column":14}},"41":{"start":{"line":136,"column":14},"end":{"line":136,"column":37}},"42":{"start":{"line":137,"column":22},"end":{"line":137,"column":26}},"43":{"start":{"line":138,"column":14},"end":{"line":138,"column":46}},"44":{"start":{"line":138,"column":35},"end":{"line":138,"column":46}},"45":{"start":{"line":141,"column":12},"end":{"line":141,"column":26}},"46":{"start":{"line":146,"column":10},"end":{"line":155,"column":15}},"47":{"start":{"line":148,"column":11},"end":{"line":154,"column":13}},"48":{"start":{"line":149,"column":12},"end":{"line":153,"column":13}},"49":{"start":{"line":150,"column":13},"end":{"line":152,"column":14}},"50":{"start":{"line":151,"column":14},"end":{"line":151,"column":94}},"51":{"start":{"line":158,"column":10},"end":{"line":160,"column":15}},"52":{"start":{"line":159,"column":11},"end":{"line":159,"column":99}},"53":{"start":{"line":159,"column":51},"end":{"line":159,"column":98}},"54":{"start":{"line":163,"column":10},"end":{"line":171,"column":15}},"55":{"start":{"line":165,"column":11},"end":{"line":170,"column":13}},"56":{"start":{"line":166,"column":12},"end":{"line":168,"column":13}},"57":{"start":{"line":167,"column":13},"end":{"line":167,"column":85}},"58":{"start":{"line":169,"column":12},"end":{"line":169,"column":74}},"59":{"start":{"line":174,"column":10},"end":{"line":176,"column":15}},"60":{"start":{"line":175,"column":11},"end":{"line":175,"column":39}},"61":{"start":{"line":179,"column":10},"end":{"line":229,"column":15}},"62":{"start":{"line":185,"column":33},"end":{"line":187,"column":12}},"63":{"start":{"line":199,"column":11},"end":{"line":199,"column":83}},"64":{"start":{"line":199,"column":51},"end":{"line":199,"column":81}},"65":{"start":{"line":202,"column":38},"end":{"line":224,"column":12}},"66":{"start":{"line":203,"column":51},"end":{"line":203,"column":55}},"67":{"start":{"line":206,"column":39},"end":{"line":206,"column":40}},"68":{"start":{"line":207,"column":12},"end":{"line":214,"column":13}},"69":{"start":{"line":207,"column":38},"end":{"line":207,"column":63}},"70":{"start":{"line":208,"column":13},"end":{"line":212,"column":14}},"71":{"start":{"line":209,"column":14},"end":{"line":211,"column":15}},"72":{"start":{"line":210,"column":15},"end":{"line":210,"column":71}},"73":{"start":{"line":213,"column":13},"end":{"line":213,"column":67}},"74":{"start":{"line":213,"column":38},"end":{"line":213,"column":66}},"75":{"start":{"line":215,"column":12},"end":{"line":215,"column":76}},"76":{"start":{"line":215,"column":43},"end":{"line":215,"column":76}},"77":{"start":{"line":216,"column":12},"end":{"line":222,"column":13}},"78":{"start":{"line":217,"column":13},"end":{"line":217,"column":35}},"79":{"start":{"line":218,"column":13},"end":{"line":220,"column":14}},"80":{"start":{"line":219,"column":14},"end":{"line":219,"column":44}},"81":{"start":{"line":221,"column":13},"end":{"line":221,"column":42}},"82":{"start":{"line":223,"column":12},"end":{"line":223,"column":49}},"83":{"start":{"line":226,"column":36},"end":{"line":226,"column":119}},"84":{"start":{"line":227,"column":11},"end":{"line":227,"column":74}},"85":{"start":{"line":228,"column":11},"end":{"line":228,"column":119}},"86":{"start":{"line":236,"column":36},"end":{"line":236,"column":1334}},"87":{"start":{"line":236,"column":1262},"end":{"line":236,"column":1332}},"88":{"start":{"line":237,"column":10},"end":{"line":237,"column":75}}},"fnMap":{"0":{"name":"(anonymous_0)","decl":{"start":{"line":9,"column":10},"end":{"line":9,"column":11}},"loc":{"start":{"line":9,"column":16},"end":{"line":239,"column":10}},"line":9},"1":{"name":"(anonymous_1)","decl":{"start":{"line":17,"column":7},"end":{"line":17,"column":8}},"loc":{"start":{"line":17,"column":78},"end":{"line":21,"column":7}},"line":17},"2":{"name":"(anonymous_2)","decl":{"start":{"line":27,"column":7},"end":{"line":27,"column":8}},"loc":{"start":{"line":27,"column":78},"end":{"line":31,"column":7}},"line":27},"3":{"name":"(anonymous_3)","decl":{"start":{"line":37,"column":7},"end":{"line":37,"column":8}},"loc":{"start":{"line":37,"column":78},"end":{"line":41,"column":7}},"line":37},"4":{"name":"(anonymous_4)","decl":{"start":{"line":47,"column":7},"end":{"line":47,"column":8}},"loc":{"start":{"line":47,"column":78},"end":{"line":51,"column":7}},"line":47},"5":{"name":"(anonymous_5)","decl":{"start":{"line":57,"column":7},"end":{"line":57,"column":8}},"loc":{"start":{"line":57,"column":78},"end":{"line":61,"column":7}},"line":57},"6":{"name":"(anonymous_6)","decl":{"start":{"line":67,"column":7},"end":{"line":67,"column":8}},"loc":{"start":{"line":67,"column":78},"end":{"line":71,"column":7}},"line":67},"7":{"name":"(anonymous_7)","decl":{"start":{"line":77,"column":7},"end":{"line":77,"column":8}},"loc":{"start":{"line":77,"column":66},"end":{"line":81,"column":7}},"line":77},"8":{"name":"__webpack_require__","decl":{"start":{"line":89,"column":19},"end":{"line":89,"column":38}},"loc":{"start":{"line":89,"column":49},"end":{"line":107,"column":11}},"line":89},"9":{"name":"(anonymous_9)","decl":{"start":{"line":114,"column":11},"end":{"line":114,"column":12}},"loc":{"start":{"line":114,"column":17},"end":{"line":143,"column":11}},"line":114},"10":{"name":"(anonymous_10)","decl":{"start":{"line":116,"column":35},"end":{"line":116,"column":36}},"loc":{"start":{"line":116,"column":71},"end":{"line":142,"column":12}},"line":116},"11":{"name":"(anonymous_11)","decl":{"start":{"line":128,"column":111},"end":{"line":128,"column":112}},"loc":{"start":{"line":128,"column":121},"end":{"line":128,"column":160}},"line":128},"12":{"name":"(anonymous_12)","decl":{"start":{"line":146,"column":11},"end":{"line":146,"column":12}},"loc":{"start":{"line":146,"column":17},"end":{"line":155,"column":11}},"line":146},"13":{"name":"(anonymous_13)","decl":{"start":{"line":148,"column":35},"end":{"line":148,"column":36}},"loc":{"start":{"line":148,"column":60},"end":{"line":154,"column":12}},"line":148},"14":{"name":"(anonymous_14)","decl":{"start":{"line":158,"column":11},"end":{"line":158,"column":12}},"loc":{"start":{"line":158,"column":17},"end":{"line":160,"column":11}},"line":158},"15":{"name":"(anonymous_15)","decl":{"start":{"line":159,"column":35},"end":{"line":159,"column":36}},"loc":{"start":{"line":159,"column":51},"end":{"line":159,"column":98}},"line":159},"16":{"name":"(anonymous_16)","decl":{"start":{"line":163,"column":11},"end":{"line":163,"column":12}},"loc":{"start":{"line":163,"column":17},"end":{"line":171,"column":11}},"line":163},"17":{"name":"(anonymous_17)","decl":{"start":{"line":165,"column":35},"end":{"line":165,"column":36}},"loc":{"start":{"line":165,"column":48},"end":{"line":170,"column":12}},"line":165},"18":{"name":"(anonymous_18)","decl":{"start":{"line":174,"column":11},"end":{"line":174,"column":12}},"loc":{"start":{"line":174,"column":17},"end":{"line":176,"column":11}},"line":174},"19":{"name":"(anonymous_19)","decl":{"start":{"line":179,"column":11},"end":{"line":179,"column":12}},"loc":{"start":{"line":179,"column":17},"end":{"line":229,"column":11}},"line":179},"20":{"name":"(anonymous_20)","decl":{"start":{"line":199,"column":37},"end":{"line":199,"column":38}},"loc":{"start":{"line":199,"column":51},"end":{"line":199,"column":81}},"line":199},"21":{"name":"(anonymous_21)","decl":{"start":{"line":202,"column":38},"end":{"line":202,"column":39}},"loc":{"start":{"line":202,"column":76},"end":{"line":224,"column":12}},"line":202},"22":{"name":"(anonymous_22)","decl":{"start":{"line":207,"column":29},"end":{"line":207,"column":30}},"loc":{"start":{"line":207,"column":38},"end":{"line":207,"column":63}},"line":207},"23":{"name":"(anonymous_23)","decl":{"start":{"line":236,"column":1255},"end":{"line":236,"column":1256}},"loc":{"start":{"line":236,"column":1262},"end":{"line":236,"column":1332}},"line":236}},"branchMap":{"0":{"loc":{"start":{"line":92,"column":11},"end":{"line":94,"column":12}},"type":"if","locations":[{"start":{"line":92,"column":11},"end":{"line":94,"column":12}},{"start":{"line":92,"column":11},"end":{"line":94,"column":12}}],"line":92},"1":{"loc":{"start":{"line":117,"column":12},"end":{"line":122,"column":13}},"type":"if","locations":[{"start":{"line":117,"column":12},"end":{"line":122,"column":13}},{"start":{"line":117,"column":12},"end":{"line":122,"column":13}}],"line":117},"2":{"loc":{"start":{"line":118,"column":24},"end":{"line":118,"column":37}},"type":"binary-expr","locations":[{"start":{"line":118,"column":24},"end":{"line":118,"column":32}},{"start":{"line":118,"column":36},"end":{"line":118,"column":37}}],"line":118},"3":{"loc":{"start":{"line":119,"column":42},"end":{"line":119,"column":80}},"type":"binary-expr","locations":[{"start":{"line":119,"column":42},"end":{"line":119,"column":47}},{"start":{"line":119,"column":51},"end":{"line":119,"column":80}}],"line":119},"4":{"loc":{"start":{"line":128,"column":14},"end":{"line":133,"column":15}},"type":"if","locations":[{"start":{"line":128,"column":14},"end":{"line":133,"column":15}},{"start":{"line":128,"column":14},"end":{"line":133,"column":15}}],"line":128},"5":{"loc":{"start":{"line":128,"column":18},"end":{"line":128,"column":162}},"type":"binary-expr","locations":[{"start":{"line":128,"column":19},"end":{"line":128,"column":37}},{"start":{"line":128,"column":41},"end":{"line":128,"column":65}},{"start":{"line":128,"column":70},"end":{"line":128,"column":162}}],"line":128},"6":{"loc":{"start":{"line":132,"column":15},"end":{"line":132,"column":67}},"type":"if","locations":[{"start":{"line":132,"column":15},"end":{"line":132,"column":67}},{"start":{"line":132,"column":15},"end":{"line":132,"column":67}}],"line":132},"7":{"loc":{"start":{"line":135,"column":13},"end":{"line":139,"column":14}},"type":"if","locations":[{"start":{"line":135,"column":13},"end":{"line":139,"column":14}},{"start":{"line":135,"column":13},"end":{"line":139,"column":14}}],"line":135},"8":{"loc":{"start":{"line":138,"column":14},"end":{"line":138,"column":46}},"type":"if","locations":[{"start":{"line":138,"column":14},"end":{"line":138,"column":46}},{"start":{"line":138,"column":14},"end":{"line":138,"column":46}}],"line":138},"9":{"loc":{"start":{"line":150,"column":13},"end":{"line":152,"column":14}},"type":"if","locations":[{"start":{"line":150,"column":13},"end":{"line":152,"column":14}},{"start":{"line":150,"column":13},"end":{"line":152,"column":14}}],"line":150},"10":{"loc":{"start":{"line":150,"column":16},"end":{"line":150,"column":94}},"type":"binary-expr","locations":[{"start":{"line":150,"column":16},"end":{"line":150,"column":54}},{"start":{"line":150,"column":58},"end":{"line":150,"column":94}}],"line":150},"11":{"loc":{"start":{"line":166,"column":12},"end":{"line":168,"column":13}},"type":"if","locations":[{"start":{"line":166,"column":12},"end":{"line":168,"column":13}},{"start":{"line":166,"column":12},"end":{"line":168,"column":13}}],"line":166},"12":{"loc":{"start":{"line":166,"column":15},"end":{"line":166,"column":66}},"type":"binary-expr","locations":[{"start":{"line":166,"column":15},"end":{"line":166,"column":44}},{"start":{"line":166,"column":48},"end":{"line":166,"column":66}}],"line":166},"13":{"loc":{"start":{"line":207,"column":12},"end":{"line":214,"column":13}},"type":"if","locations":[{"start":{"line":207,"column":12},"end":{"line":214,"column":13}},{"start":{"line":207,"column":12},"end":{"line":214,"column":13}}],"line":207},"14":{"loc":{"start":{"line":209,"column":14},"end":{"line":211,"column":15}},"type":"if","locations":[{"start":{"line":209,"column":14},"end":{"line":211,"column":15}},{"start":{"line":209,"column":14},"end":{"line":211,"column":15}}],"line":209},"15":{"loc":{"start":{"line":213,"column":13},"end":{"line":213,"column":67}},"type":"if","locations":[{"start":{"line":213,"column":13},"end":{"line":213,"column":67}},{"start":{"line":213,"column":13},"end":{"line":213,"column":67}}],"line":213},"16":{"loc":{"start":{"line":215,"column":12},"end":{"line":215,"column":76}},"type":"if","locations":[{"start":{"line":215,"column":12},"end":{"line":215,"column":76}},{"start":{"line":215,"column":12},"end":{"line":215,"column":76}}],"line":215},"17":{"loc":{"start":{"line":218,"column":13},"end":{"line":220,"column":14}},"type":"if","locations":[{"start":{"line":218,"column":13},"end":{"line":220,"column":14}},{"start":{"line":218,"column":13},"end":{"line":220,"column":14}}],"line":218},"18":{"loc":{"start":{"line":218,"column":16},"end":{"line":218,"column":91}},"type":"binary-expr","locations":[{"start":{"line":218,"column":16},"end":{"line":218,"column":63}},{"start":{"line":218,"column":67},"end":{"line":218,"column":91}}],"line":218},"19":{"loc":{"start":{"line":226,"column":76},"end":{"line":226,"column":119}},"type":"binary-expr","locations":[{"start":{"line":226,"column":76},"end":{"line":226,"column":113}},{"start":{"line":226,"column":117},"end":{"line":226,"column":119}}],"line":226}},"s":{"0":16,"1":16,"2":16,"3":16,"4":16,"5":16,"6":16,"7":16,"8":16,"9":16,"10":1280,"11":1280,"12":792,"13":496,"14":496,"15":496,"16":16,"17":16,"18":16,"19":16,"20":248,"21":16,"22":16,"23":16,"24":8,"25":16,"26":16,"27":240,"28":240,"29":240,"30":16,"31":16,"32":16,"33":16,"34":176,"35":176,"36":176,"37":8,"38":8,"39":8,"40":16,"41":16,"42":16,"43":16,"44":16,"45":240,"46":16,"47":16,"48":464,"49":1200,"50":1200,"51":16,"52":16,"53":3208,"54":16,"55":16,"56":472,"57":472,"58":472,"59":16,"60":16,"61":16,"62":16,"63":16,"64":1440,"65":1280,"66":1008,"67":712,"68":712,"69":712,"70":232,"71":600,"72":1048,"73":1416,"74":1192,"75":232,"76":64,"77":2608,"78":232,"79":232,"80":464,"81":688,"82":688,"83":16,"84":16,"85":16,"86":8,"87":8,"88":8},"f":{"0":16,"1":16,"2":16,"3":16,"4":16,"5":16,"6":16,"7":16,"8":1280,"9":16,"10":248,"11":176,"12":16,"13":464,"14":16,"15":3208,"16":16,"17":472,"18":16,"19":16,"20":176,"21":232,"22":232,"23":16,"24":7,"25":7,"26":7,"27":7,"28":7,"29":7,"30":7,"31":7,"32":7,"33":7,"34":7,"35":7,"36":7,"37":7,"38":7,"39":7,"40":7,"41":7,"42":7,"43":7,"44":7,"45":7,"46":7,"47":7,"48":7,"49":7,"50":7,"51":7,"52":7,"53":7,"54":7,"55":7,"56":7,"57":7,"58":7,"59":7,"60":7,"61":7,"62":1113,"63":7,"64":399,"65":7,"66":2086,"67":7,"68":406,"69":7},"b":{"0":[1568,976],"1":[1200,232],"2":[1200,1200],"3":[472,0],"4":[632,464],"5":[168,168,168],"6":[0,0],"7":[8,0],"8":[8,0],"9":[1192,0],"10":[1192,1192],"11":[464,0],"12":[464,464],"13":[224,0],"14":[592,0],"15":[0,224],"16":[56,168],"17":[0,224],"18":[224,0],"19":[8,0]},"_coverageSchema":"1a1c01bbd47fc00a2c39e90264f33305004495a9","hash":"9fc86b3b9a3a5fd22bdefc16023ab8a72d097afe"}
,"/Users/tim.mcconechy/Dev/enterprise-wc/build/development/ids-tag/ids-tag.scss": {"path":"/Users/tim.mcconechy/Dev/enterprise-wc/build/development/ids-tag/ids-tag.scss","statementMap":{"0":{"start":{"line":1,"column":0},"end":{"line":1,"column":null}},"1":{"start":{"line":4,"column":0},"end":{"line":4,"column":null}},"2":{"start":{"line":8,"column":2},"end":{"line":8,"column":null}},"3":{"start":{"line":9,"column":2},"end":{"line":13,"column":null}},"4":{"start":{"line":9,"column":2},"end":{"line":9,"column":null}},"5":{"start":{"line":10,"column":2},"end":{"line":13,"column":null}},"6":{"start":{"line":13,"column":2},"end":{"line":13,"column":null}},"7":{"start":{"line":14,"column":2},"end":{"line":15,"column":null}},"8":{"start":{"line":15,"column":2},"end":{"line":15,"column":null}},"9":{"start":{"line":18,"column":2},"end":{"line":18,"column":null}},"10":{"start":{"line":21,"column":2},"end":{"line":21,"column":null}},"11":{"start":{"line":22,"column":2},"end":{"line":22,"column":null}},"12":{"start":{"line":30,"column":2},"end":{"line":32,"column":null}},"13":{"start":{"line":31,"column":4},"end":{"line":31,"column":null}},"14":{"start":{"line":37,"column":4},"end":{"line":39,"column":null}},"15":{"start":{"line":38,"column":4},"end":{"line":38,"column":null}},"16":{"start":{"line":45,"column":4},"end":{"line":45,"column":null}},"17":{"start":{"line":49,"column":4},"end":{"line":51,"column":null}},"18":{"start":{"line":50,"column":4},"end":{"line":50,"column":null}},"19":{"start":{"line":56,"column":4},"end":{"line":56,"column":null}},"20":{"start":{"line":61,"column":2},"end":{"line":61,"column":null}},"21":{"start":{"line":62,"column":4},"end":{"line":64,"column":null}},"22":{"start":{"line":65,"column":6},"end":{"line":67,"column":null}},"23":{"start":{"line":66,"column":6},"end":{"line":66,"column":null}},"24":{"start":{"line":68,"column":6},"end":{"line":68,"column":null}}},"fnMap":{"0":{"name":"(anonymous_6)","decl":{"start":{"line":37,"column":4},"end":{"line":37,"column":null}},"loc":{"start":{"line":37,"column":4},"end":{"line":39,"column":null}}},"1":{"name":"(anonymous_8)","decl":{"start":{"line":45,"column":4},"end":{"line":45,"column":null}},"loc":{"start":{"line":45,"column":4},"end":{"line":45,"column":null}}},"2":{"name":"stringToBool","decl":{"start":{"line":48,"column":2},"end":{"line":48,"column":null}},"loc":{"start":{"line":48,"column":2},"end":{"line":54,"column":null}}},"3":{"name":"stringToNumber","decl":{"start":{"line":55,"column":4},"end":{"line":55,"column":null}},"loc":{"start":{"line":55,"column":4},"end":{"line":57,"column":null}}}},"branchMap":{"0":{"loc":{"start":{"line":8,"column":2},"end":{"line":8,"column":null}},"type":"cond-expr","locations":[{"start":{"line":8,"column":2},"end":{"line":8,"column":null}},{"start":{"line":8,"column":2},"end":{"line":8,"column":null}}]},"1":{"loc":{"start":{"line":10,"column":2},"end":{"line":13,"column":null}},"type":"if","locations":[{"start":{"line":10,"column":2},"end":{"line":13,"column":null}},{"start":{"line":10,"column":2},"end":{"line":13,"column":null}}]},"2":{"loc":{"start":{"line":13,"column":2},"end":{"line":13,"column":null}},"type":"binary-expr","locations":[{"start":{"line":13,"column":2},"end":{"line":13,"column":null}},{"start":{"line":13,"column":2},"end":{"line":13,"column":null}}]},"3":{"loc":{"start":{"line":14,"column":2},"end":{"line":15,"column":null}},"type":"if","locations":[{"start":{"line":14,"column":2},"end":{"line":15,"column":null}},{"start":{"line":14,"column":2},"end":{"line":15,"column":null}}]},"4":{"loc":{"start":{"line":14,"column":2},"end":{"line":14,"column":null}},"type":"binary-expr","locations":[{"start":{"line":14,"column":2},"end":{"line":14,"column":null}},{"start":{"line":14,"column":2},"end":{"line":14,"column":null}}]},"5":{"loc":{"start":{"line":21,"column":2},"end":{"line":21,"column":null}},"type":"cond-expr","locations":[{"start":{"line":21,"column":2},"end":{"line":21,"column":null}},{"start":{"line":21,"column":2},"end":{"line":21,"column":null}}]},"6":{"loc":{"start":{"line":30,"column":2},"end":{"line":32,"column":null}},"type":"if","locations":[{"start":{"line":30,"column":2},"end":{"line":32,"column":null}},{"start":{"line":30,"column":2},"end":{"line":32,"column":null}}]},"7":{"loc":{"start":{"line":49,"column":4},"end":{"line":51,"column":null}},"type":"if","locations":[{"start":{"line":49,"column":4},"end":{"line":51,"column":null}},{"start":{"line":49,"column":4},"end":{"line":51,"column":null}}]},"8":{"loc":{"start":{"line":49,"column":4},"end":{"line":49,"column":null}},"type":"binary-expr","locations":[{"start":{"line":49,"column":4},"end":{"line":49,"column":null}},{"start":{"line":49,"column":4},"end":{"line":49,"column":null}},{"start":{"line":49,"column":4},"end":{"line":49,"column":null}}]},"9":{"loc":{"start":{"line":62,"column":4},"end":{"line":64,"column":null}},"type":"if","locations":[{"start":{"line":62,"column":4},"end":{"line":64,"column":null}},{"start":{"line":62,"column":4},"end":{"line":64,"column":null}}]},"10":{"loc":{"start":{"line":62,"column":4},"end":{"line":62,"column":null}},"type":"binary-expr","locations":[{"start":{"line":62,"column":4},"end":{"line":62,"column":null}},{"start":{"line":62,"column":4},"end":{"line":62,"column":null}}]},"11":{"loc":{"start":{"line":65,"column":6},"end":{"line":67,"column":null}},"type":"if","locations":[{"start":{"line":65,"column":6},"end":{"line":67,"column":null}},{"start":{"line":65,"column":6},"end":{"line":67,"column":null}}]},"12":{"loc":{"start":{"line":65,"column":6},"end":{"line":65,"column":null}},"type":"binary-expr","locations":[{"start":{"line":65,"column":6},"end":{"line":65,"column":null}},{"start":{"line":65,"column":6},"end":{"line":65,"column":null}},{"start":{"line":65,"column":6},"end":{"line":65,"column":null}},{"start":{"line":65,"column":6},"end":{"line":65,"column":null}}]}},"s":{"0":21,"1":21,"2":21,"3":181,"4":181,"5":50,"6":154,"7":149,"8":144,"9":21,"10":26,"11":26,"12":21,"13":21,"14":21,"15":173,"16":292,"17":728,"18":368,"19":16,"20":16,"21":136,"22":472,"23":40,"24":40},"f":{"0":253,"1":16,"2":496,"3":16},"b":{"0":[896,690],"1":[154,0],"2":[210,188],"3":[0,5],"4":[13,0],"5":[18,0],"6":[445,0],"7":[440,800],"8":[496,128,0],"9":[224,0],"10":[592,0],"11":[0,224],"12":[48,176,0,0]}}
,"/Users/tim.mcconechy/Dev/enterprise-wc/build/development/ids-tag-example/ids-tag-example.js": {"path":"/Users/tim.mcconechy/Dev/enterprise-wc/build/development/ids-tag-example/ids-tag-example.js","statementMap":{"0":{"start":{"line":9,"column":9},"end":{"line":32,"column":1}},"1":{"start":{"line":10,"column":37},"end":{"line":22,"column":11}},"2":{"start":{"line":18,"column":0},"end":{"line":18,"column":1006}},"3":{"start":{"line":28,"column":36},"end":{"line":28,"column":38}},"4":{"start":{"line":29,"column":10},"end":{"line":29,"column":77}}},"fnMap":{"0":{"name":"(anonymous_0)","decl":{"start":{"line":9,"column":10},"end":{"line":9,"column":11}},"loc":{"start":{"line":9,"column":16},"end":{"line":31,"column":10}},"line":9},"1":{"name":"(anonymous_1)","decl":{"start":{"line":16,"column":7},"end":{"line":16,"column":8}},"loc":{"start":{"line":16,"column":13},"end":{"line":20,"column":7}},"line":16}},"branchMap":{},"s":{"0":16,"1":16,"2":16,"3":16,"4":16},"f":{"0":16,"1":16},"b":{},"_coverageSchema":"1a1c01bbd47fc00a2c39e90264f33305004495a9","hash":"30ee99d5c914657f1dc7c5ea8831c2cb8fcf941e"}
,"/Users/tim.mcconechy/Dev/enterprise-wc/build/development/ids-text/ids-text.js": {"path":"/Users/tim.mcconechy/Dev/enterprise-wc/build/development/ids-text/ids-text.js","statementMap":{"0":{"start":{"line":9,"column":9},"end":{"line":175,"column":1}},"1":{"start":{"line":11,"column":37},"end":{"line":23,"column":11}},"2":{"start":{"line":19,"column":0},"end":{"line":19,"column":736}},"3":{"start":{"line":26,"column":41},"end":{"line":26,"column":43}},"4":{"start":{"line":31,"column":30},"end":{"line":31,"column":64}},"5":{"start":{"line":32,"column":11},"end":{"line":34,"column":12}},"6":{"start":{"line":33,"column":12},"end":{"line":33,"column":40}},"7":{"start":{"line":36,"column":24},"end":{"line":40,"column":12}},"8":{"start":{"line":43,"column":11},"end":{"line":43,"column":86}},"9":{"start":{"line":46,"column":11},"end":{"line":46,"column":33}},"10":{"start":{"line":50,"column":10},"end":{"line":50,"column":54}},"11":{"start":{"line":54,"column":10},"end":{"line":83,"column":15}},"12":{"start":{"line":55,"column":26},"end":{"line":55,"column":28}},"13":{"start":{"line":56,"column":11},"end":{"line":82,"column":13}},"14":{"start":{"line":57,"column":12},"end":{"line":62,"column":13}},"15":{"start":{"line":58,"column":13},"end":{"line":58,"column":38}},"16":{"start":{"line":59,"column":13},"end":{"line":59,"column":117}},"17":{"start":{"line":59,"column":25},"end":{"line":59,"column":40}},"18":{"start":{"line":59,"column":87},"end":{"line":59,"column":117}},"19":{"start":{"line":60,"column":13},"end":{"line":60,"column":52}},"20":{"start":{"line":61,"column":13},"end":{"line":61,"column":20}},"21":{"start":{"line":63,"column":31},"end":{"line":63,"column":39}},"22":{"start":{"line":64,"column":12},"end":{"line":80,"column":13}},"23":{"start":{"line":64,"column":25},"end":{"line":64,"column":26}},"24":{"start":{"line":65,"column":44},"end":{"line":65,"column":55}},"25":{"start":{"line":66,"column":29},"end":{"line":66,"column":33}},"26":{"start":{"line":67,"column":13},"end":{"line":74,"column":14}},"27":{"start":{"line":67,"column":26},"end":{"line":67,"column":27}},"28":{"start":{"line":68,"column":14},"end":{"line":73,"column":15}},"29":{"start":{"line":68,"column":121},"end":{"line":68,"column":160}},"30":{"start":{"line":69,"column":15},"end":{"line":69,"column":39}},"31":{"start":{"line":71,"column":15},"end":{"line":71,"column":33}},"32":{"start":{"line":72,"column":15},"end":{"line":72,"column":67}},"33":{"start":{"line":72,"column":43},"end":{"line":72,"column":67}},"34":{"start":{"line":75,"column":13},"end":{"line":79,"column":14}},"35":{"start":{"line":76,"column":14},"end":{"line":76,"column":37}},"36":{"start":{"line":77,"column":22},"end":{"line":77,"column":26}},"37":{"start":{"line":78,"column":14},"end":{"line":78,"column":46}},"38":{"start":{"line":78,"column":35},"end":{"line":78,"column":46}},"39":{"start":{"line":81,"column":12},"end":{"line":81,"column":26}},"40":{"start":{"line":86,"column":10},"end":{"line":95,"column":15}},"41":{"start":{"line":88,"column":11},"end":{"line":94,"column":13}},"42":{"start":{"line":89,"column":12},"end":{"line":93,"column":13}},"43":{"start":{"line":90,"column":13},"end":{"line":92,"column":14}},"44":{"start":{"line":91,"column":14},"end":{"line":91,"column":94}},"45":{"start":{"line":98,"column":10},"end":{"line":100,"column":15}},"46":{"start":{"line":99,"column":11},"end":{"line":99,"column":99}},"47":{"start":{"line":99,"column":51},"end":{"line":99,"column":98}},"48":{"start":{"line":103,"column":10},"end":{"line":111,"column":15}},"49":{"start":{"line":105,"column":11},"end":{"line":110,"column":13}},"50":{"start":{"line":106,"column":12},"end":{"line":108,"column":13}},"51":{"start":{"line":107,"column":13},"end":{"line":107,"column":85}},"52":{"start":{"line":109,"column":12},"end":{"line":109,"column":74}},"53":{"start":{"line":114,"column":10},"end":{"line":164,"column":15}},"54":{"start":{"line":120,"column":33},"end":{"line":122,"column":12}},"55":{"start":{"line":134,"column":11},"end":{"line":134,"column":83}},"56":{"start":{"line":134,"column":51},"end":{"line":134,"column":81}},"57":{"start":{"line":137,"column":38},"end":{"line":159,"column":12}},"58":{"start":{"line":138,"column":51},"end":{"line":138,"column":55}},"59":{"start":{"line":141,"column":39},"end":{"line":141,"column":40}},"60":{"start":{"line":142,"column":12},"end":{"line":149,"column":13}},"61":{"start":{"line":142,"column":38},"end":{"line":142,"column":63}},"62":{"start":{"line":143,"column":13},"end":{"line":147,"column":14}},"63":{"start":{"line":144,"column":14},"end":{"line":146,"column":15}},"64":{"start":{"line":145,"column":15},"end":{"line":145,"column":71}},"65":{"start":{"line":148,"column":13},"end":{"line":148,"column":67}},"66":{"start":{"line":148,"column":38},"end":{"line":148,"column":66}},"67":{"start":{"line":150,"column":12},"end":{"line":150,"column":76}},"68":{"start":{"line":150,"column":43},"end":{"line":150,"column":76}},"69":{"start":{"line":151,"column":12},"end":{"line":157,"column":13}},"70":{"start":{"line":152,"column":13},"end":{"line":152,"column":35}},"71":{"start":{"line":153,"column":13},"end":{"line":155,"column":14}},"72":{"start":{"line":154,"column":14},"end":{"line":154,"column":44}},"73":{"start":{"line":156,"column":13},"end":{"line":156,"column":42}},"74":{"start":{"line":158,"column":12},"end":{"line":158,"column":49}},"75":{"start":{"line":161,"column":36},"end":{"line":161,"column":119}},"76":{"start":{"line":162,"column":11},"end":{"line":162,"column":74}},"77":{"start":{"line":163,"column":11},"end":{"line":163,"column":119}},"78":{"start":{"line":171,"column":36},"end":{"line":171,"column":591}},"79":{"start":{"line":171,"column":526},"end":{"line":171,"column":589}},"80":{"start":{"line":172,"column":10},"end":{"line":172,"column":75}}},"fnMap":{"0":{"name":"(anonymous_0)","decl":{"start":{"line":9,"column":10},"end":{"line":9,"column":11}},"loc":{"start":{"line":9,"column":16},"end":{"line":174,"column":10}},"line":9},"1":{"name":"(anonymous_1)","decl":{"start":{"line":17,"column":7},"end":{"line":17,"column":8}},"loc":{"start":{"line":17,"column":78},"end":{"line":21,"column":7}},"line":17},"2":{"name":"__webpack_require__","decl":{"start":{"line":29,"column":19},"end":{"line":29,"column":38}},"loc":{"start":{"line":29,"column":49},"end":{"line":47,"column":11}},"line":29},"3":{"name":"(anonymous_3)","decl":{"start":{"line":54,"column":11},"end":{"line":54,"column":12}},"loc":{"start":{"line":54,"column":17},"end":{"line":83,"column":11}},"line":54},"4":{"name":"(anonymous_4)","decl":{"start":{"line":56,"column":35},"end":{"line":56,"column":36}},"loc":{"start":{"line":56,"column":71},"end":{"line":82,"column":12}},"line":56},"5":{"name":"(anonymous_5)","decl":{"start":{"line":68,"column":111},"end":{"line":68,"column":112}},"loc":{"start":{"line":68,"column":121},"end":{"line":68,"column":160}},"line":68},"6":{"name":"(anonymous_6)","decl":{"start":{"line":86,"column":11},"end":{"line":86,"column":12}},"loc":{"start":{"line":86,"column":17},"end":{"line":95,"column":11}},"line":86},"7":{"name":"(anonymous_7)","decl":{"start":{"line":88,"column":35},"end":{"line":88,"column":36}},"loc":{"start":{"line":88,"column":60},"end":{"line":94,"column":12}},"line":88},"8":{"name":"(anonymous_8)","decl":{"start":{"line":98,"column":11},"end":{"line":98,"column":12}},"loc":{"start":{"line":98,"column":17},"end":{"line":100,"column":11}},"line":98},"9":{"name":"(anonymous_9)","decl":{"start":{"line":99,"column":35},"end":{"line":99,"column":36}},"loc":{"start":{"line":99,"column":51},"end":{"line":99,"column":98}},"line":99},"10":{"name":"(anonymous_10)","decl":{"start":{"line":103,"column":11},"end":{"line":103,"column":12}},"loc":{"start":{"line":103,"column":17},"end":{"line":111,"column":11}},"line":103},"11":{"name":"(anonymous_11)","decl":{"start":{"line":105,"column":35},"end":{"line":105,"column":36}},"loc":{"start":{"line":105,"column":48},"end":{"line":110,"column":12}},"line":105},"12":{"name":"(anonymous_12)","decl":{"start":{"line":114,"column":11},"end":{"line":114,"column":12}},"loc":{"start":{"line":114,"column":17},"end":{"line":164,"column":11}},"line":114},"13":{"name":"(anonymous_13)","decl":{"start":{"line":134,"column":37},"end":{"line":134,"column":38}},"loc":{"start":{"line":134,"column":51},"end":{"line":134,"column":81}},"line":134},"14":{"name":"(anonymous_14)","decl":{"start":{"line":137,"column":38},"end":{"line":137,"column":39}},"loc":{"start":{"line":137,"column":76},"end":{"line":159,"column":12}},"line":137},"15":{"name":"(anonymous_15)","decl":{"start":{"line":142,"column":29},"end":{"line":142,"column":30}},"loc":{"start":{"line":142,"column":38},"end":{"line":142,"column":63}},"line":142},"16":{"name":"(anonymous_16)","decl":{"start":{"line":171,"column":519},"end":{"line":171,"column":520}},"loc":{"start":{"line":171,"column":526},"end":{"line":171,"column":589}},"line":171}},"branchMap":{"0":{"loc":{"start":{"line":32,"column":11},"end":{"line":34,"column":12}},"type":"if","locations":[{"start":{"line":32,"column":11},"end":{"line":34,"column":12}},{"start":{"line":32,"column":11},"end":{"line":34,"column":12}}],"line":32},"1":{"loc":{"start":{"line":57,"column":12},"end":{"line":62,"column":13}},"type":"if","locations":[{"start":{"line":57,"column":12},"end":{"line":62,"column":13}},{"start":{"line":57,"column":12},"end":{"line":62,"column":13}}],"line":57},"2":{"loc":{"start":{"line":58,"column":24},"end":{"line":58,"column":37}},"type":"binary-expr","locations":[{"start":{"line":58,"column":24},"end":{"line":58,"column":32}},{"start":{"line":58,"column":36},"end":{"line":58,"column":37}}],"line":58},"3":{"loc":{"start":{"line":59,"column":42},"end":{"line":59,"column":80}},"type":"binary-expr","locations":[{"start":{"line":59,"column":42},"end":{"line":59,"column":47}},{"start":{"line":59,"column":51},"end":{"line":59,"column":80}}],"line":59},"4":{"loc":{"start":{"line":68,"column":14},"end":{"line":73,"column":15}},"type":"if","locations":[{"start":{"line":68,"column":14},"end":{"line":73,"column":15}},{"start":{"line":68,"column":14},"end":{"line":73,"column":15}}],"line":68},"5":{"loc":{"start":{"line":68,"column":18},"end":{"line":68,"column":162}},"type":"binary-expr","locations":[{"start":{"line":68,"column":19},"end":{"line":68,"column":37}},{"start":{"line":68,"column":41},"end":{"line":68,"column":65}},{"start":{"line":68,"column":70},"end":{"line":68,"column":162}}],"line":68},"6":{"loc":{"start":{"line":72,"column":15},"end":{"line":72,"column":67}},"type":"if","locations":[{"start":{"line":72,"column":15},"end":{"line":72,"column":67}},{"start":{"line":72,"column":15},"end":{"line":72,"column":67}}],"line":72},"7":{"loc":{"start":{"line":75,"column":13},"end":{"line":79,"column":14}},"type":"if","locations":[{"start":{"line":75,"column":13},"end":{"line":79,"column":14}},{"start":{"line":75,"column":13},"end":{"line":79,"column":14}}],"line":75},"8":{"loc":{"start":{"line":78,"column":14},"end":{"line":78,"column":46}},"type":"if","locations":[{"start":{"line":78,"column":14},"end":{"line":78,"column":46}},{"start":{"line":78,"column":14},"end":{"line":78,"column":46}}],"line":78},"9":{"loc":{"start":{"line":90,"column":13},"end":{"line":92,"column":14}},"type":"if","locations":[{"start":{"line":90,"column":13},"end":{"line":92,"column":14}},{"start":{"line":90,"column":13},"end":{"line":92,"column":14}}],"line":90},"10":{"loc":{"start":{"line":90,"column":16},"end":{"line":90,"column":94}},"type":"binary-expr","locations":[{"start":{"line":90,"column":16},"end":{"line":90,"column":54}},{"start":{"line":90,"column":58},"end":{"line":90,"column":94}}],"line":90},"11":{"loc":{"start":{"line":106,"column":12},"end":{"line":108,"column":13}},"type":"if","locations":[{"start":{"line":106,"column":12},"end":{"line":108,"column":13}},{"start":{"line":106,"column":12},"end":{"line":108,"column":13}}],"line":106},"12":{"loc":{"start":{"line":106,"column":15},"end":{"line":106,"column":66}},"type":"binary-expr","locations":[{"start":{"line":106,"column":15},"end":{"line":106,"column":44}},{"start":{"line":106,"column":48},"end":{"line":106,"column":66}}],"line":106},"13":{"loc":{"start":{"line":142,"column":12},"end":{"line":149,"column":13}},"type":"if","locations":[{"start":{"line":142,"column":12},"end":{"line":149,"column":13}},{"start":{"line":142,"column":12},"end":{"line":149,"column":13}}],"line":142},"14":{"loc":{"start":{"line":144,"column":14},"end":{"line":146,"column":15}},"type":"if","locations":[{"start":{"line":144,"column":14},"end":{"line":146,"column":15}},{"start":{"line":144,"column":14},"end":{"line":146,"column":15}}],"line":144},"15":{"loc":{"start":{"line":148,"column":13},"end":{"line":148,"column":67}},"type":"if","locations":[{"start":{"line":148,"column":13},"end":{"line":148,"column":67}},{"start":{"line":148,"column":13},"end":{"line":148,"column":67}}],"line":148},"16":{"loc":{"start":{"line":150,"column":12},"end":{"line":150,"column":76}},"type":"if","locations":[{"start":{"line":150,"column":12},"end":{"line":150,"column":76}},{"start":{"line":150,"column":12},"end":{"line":150,"column":76}}],"line":150},"17":{"loc":{"start":{"line":153,"column":13},"end":{"line":155,"column":14}},"type":"if","locations":[{"start":{"line":153,"column":13},"end":{"line":155,"column":14}},{"start":{"line":153,"column":13},"end":{"line":155,"column":14}}],"line":153},"18":{"loc":{"start":{"line":153,"column":16},"end":{"line":153,"column":91}},"type":"binary-expr","locations":[{"start":{"line":153,"column":16},"end":{"line":153,"column":63}},{"start":{"line":153,"column":67},"end":{"line":153,"column":91}}],"line":153},"19":{"loc":{"start":{"line":161,"column":76},"end":{"line":161,"column":119}},"type":"binary-expr","locations":[{"start":{"line":161,"column":76},"end":{"line":161,"column":113}},{"start":{"line":161,"column":117},"end":{"line":161,"column":119}}],"line":161}},"s":{"0":16,"1":16,"2":16,"3":16,"4":384,"5":384,"6":176,"7":216,"8":216,"9":216,"10":16,"11":16,"12":16,"13":16,"14":248,"15":16,"16":16,"17":16,"18":8,"19":16,"20":16,"21":240,"22":240,"23":240,"24":16,"25":16,"26":16,"27":16,"28":72,"29":440,"30":440,"31":168,"32":208,"33":208,"34":216,"35":16,"36":16,"37":208,"38":800,"39":1024,"40":16,"41":16,"42":1784,"43":800,"44":800,"45":216,"46":216,"47":2608,"48":16,"49":8,"50":208,"51":208,"52":208,"53":8,"54":8,"55":8,"56":64,"57":8,"58":224,"59":224,"60":224,"61":224,"62":224,"63":592,"64":592,"65":224,"66":0,"67":224,"68":48,"69":224,"70":224,"71":224,"72":0,"73":224,"74":224,"75":8,"76":8,"77":8,"78":8,"79":8,"80":8},"f":{"0":16,"1":16,"2":384,"3":16,"4":248,"5":72,"6":16,"7":208,"8":16,"9":2408,"10":16,"11":216,"12":16,"13":72,"14":232,"15":232,"16":16,"17":7,"18":7,"19":7,"20":7,"21":7,"22":7,"23":7,"24":7,"25":7,"26":7,"27":329,"28":7,"29":175,"30":7,"31":1386,"32":7,"33":182},"b":{"0":[336,416],"1":[800,232],"2":[800,800],"3":[216,0],"4":[272,208],"5":[64,64,64],"6":[0,0],"7":[8,0],"8":[8,0],"9":[792,0],"10":[792,792],"11":[208,0],"12":[208,208],"13":[224,0],"14":[592,0],"15":[0,224],"16":[48,176],"17":[0,224],"18":[224,0],"19":[8,0]},"_coverageSchema":"1a1c01bbd47fc00a2c39e90264f33305004495a9","hash":"9af7780c0955ca27fb8ba2b16303b8c28cca3b01"}
,"/Users/tim.mcconechy/Dev/enterprise-wc/build/development/ids-theme-switcher/ids-theme-switcher.js": {"path":"/Users/tim.mcconechy/Dev/enterprise-wc/build/development/ids-theme-switcher/ids-theme-switcher.js","statementMap":{"0":{"start":{"line":9,"column":9},"end":{"line":215,"column":1}},"1":{"start":{"line":11,"column":37},"end":{"line":63,"column":11}},"2":{"start":{"line":19,"column":0},"end":{"line":19,"column":31507}},"3":{"start":{"line":29,"column":0},"end":{"line":29,"column":826}},"4":{"start":{"line":39,"column":0},"end":{"line":39,"column":24340}},"5":{"start":{"line":49,"column":0},"end":{"line":49,"column":9598}},"6":{"start":{"line":59,"column":0},"end":{"line":59,"column":1372}},"7":{"start":{"line":66,"column":41},"end":{"line":66,"column":43}},"8":{"start":{"line":71,"column":30},"end":{"line":71,"column":64}},"9":{"start":{"line":72,"column":11},"end":{"line":74,"column":12}},"10":{"start":{"line":73,"column":12},"end":{"line":73,"column":40}},"11":{"start":{"line":76,"column":24},"end":{"line":80,"column":12}},"12":{"start":{"line":83,"column":11},"end":{"line":83,"column":86}},"13":{"start":{"line":86,"column":11},"end":{"line":86,"column":33}},"14":{"start":{"line":90,"column":10},"end":{"line":90,"column":54}},"15":{"start":{"line":94,"column":10},"end":{"line":123,"column":15}},"16":{"start":{"line":95,"column":26},"end":{"line":95,"column":28}},"17":{"start":{"line":96,"column":11},"end":{"line":122,"column":13}},"18":{"start":{"line":97,"column":12},"end":{"line":102,"column":13}},"19":{"start":{"line":98,"column":13},"end":{"line":98,"column":38}},"20":{"start":{"line":99,"column":13},"end":{"line":99,"column":117}},"21":{"start":{"line":99,"column":25},"end":{"line":99,"column":40}},"22":{"start":{"line":99,"column":87},"end":{"line":99,"column":117}},"23":{"start":{"line":100,"column":13},"end":{"line":100,"column":52}},"24":{"start":{"line":101,"column":13},"end":{"line":101,"column":20}},"25":{"start":{"line":103,"column":31},"end":{"line":103,"column":39}},"26":{"start":{"line":104,"column":12},"end":{"line":120,"column":13}},"27":{"start":{"line":104,"column":25},"end":{"line":104,"column":26}},"28":{"start":{"line":105,"column":44},"end":{"line":105,"column":55}},"29":{"start":{"line":106,"column":29},"end":{"line":106,"column":33}},"30":{"start":{"line":107,"column":13},"end":{"line":114,"column":14}},"31":{"start":{"line":107,"column":26},"end":{"line":107,"column":27}},"32":{"start":{"line":108,"column":14},"end":{"line":113,"column":15}},"33":{"start":{"line":108,"column":121},"end":{"line":108,"column":160}},"34":{"start":{"line":109,"column":15},"end":{"line":109,"column":39}},"35":{"start":{"line":111,"column":15},"end":{"line":111,"column":33}},"36":{"start":{"line":112,"column":15},"end":{"line":112,"column":67}},"37":{"start":{"line":112,"column":43},"end":{"line":112,"column":67}},"38":{"start":{"line":115,"column":13},"end":{"line":119,"column":14}},"39":{"start":{"line":116,"column":14},"end":{"line":116,"column":37}},"40":{"start":{"line":117,"column":22},"end":{"line":117,"column":26}},"41":{"start":{"line":118,"column":14},"end":{"line":118,"column":46}},"42":{"start":{"line":118,"column":35},"end":{"line":118,"column":46}},"43":{"start":{"line":121,"column":12},"end":{"line":121,"column":26}},"44":{"start":{"line":126,"column":10},"end":{"line":135,"column":15}},"45":{"start":{"line":128,"column":11},"end":{"line":134,"column":13}},"46":{"start":{"line":129,"column":12},"end":{"line":133,"column":13}},"47":{"start":{"line":130,"column":13},"end":{"line":132,"column":14}},"48":{"start":{"line":131,"column":14},"end":{"line":131,"column":94}},"49":{"start":{"line":138,"column":10},"end":{"line":140,"column":15}},"50":{"start":{"line":139,"column":11},"end":{"line":139,"column":99}},"51":{"start":{"line":139,"column":51},"end":{"line":139,"column":98}},"52":{"start":{"line":143,"column":10},"end":{"line":151,"column":15}},"53":{"start":{"line":145,"column":11},"end":{"line":150,"column":13}},"54":{"start":{"line":146,"column":12},"end":{"line":148,"column":13}},"55":{"start":{"line":147,"column":13},"end":{"line":147,"column":85}},"56":{"start":{"line":149,"column":12},"end":{"line":149,"column":74}},"57":{"start":{"line":154,"column":10},"end":{"line":204,"column":15}},"58":{"start":{"line":160,"column":33},"end":{"line":162,"column":12}},"59":{"start":{"line":174,"column":11},"end":{"line":174,"column":83}},"60":{"start":{"line":174,"column":51},"end":{"line":174,"column":81}},"61":{"start":{"line":177,"column":38},"end":{"line":199,"column":12}},"62":{"start":{"line":178,"column":51},"end":{"line":178,"column":55}},"63":{"start":{"line":181,"column":39},"end":{"line":181,"column":40}},"64":{"start":{"line":182,"column":12},"end":{"line":189,"column":13}},"65":{"start":{"line":182,"column":38},"end":{"line":182,"column":63}},"66":{"start":{"line":183,"column":13},"end":{"line":187,"column":14}},"67":{"start":{"line":184,"column":14},"end":{"line":186,"column":15}},"68":{"start":{"line":185,"column":15},"end":{"line":185,"column":71}},"69":{"start":{"line":188,"column":13},"end":{"line":188,"column":67}},"70":{"start":{"line":188,"column":38},"end":{"line":188,"column":66}},"71":{"start":{"line":190,"column":12},"end":{"line":190,"column":76}},"72":{"start":{"line":190,"column":43},"end":{"line":190,"column":76}},"73":{"start":{"line":191,"column":12},"end":{"line":197,"column":13}},"74":{"start":{"line":192,"column":13},"end":{"line":192,"column":35}},"75":{"start":{"line":193,"column":13},"end":{"line":195,"column":14}},"76":{"start":{"line":194,"column":14},"end":{"line":194,"column":44}},"77":{"start":{"line":196,"column":13},"end":{"line":196,"column":42}},"78":{"start":{"line":198,"column":12},"end":{"line":198,"column":49}},"79":{"start":{"line":201,"column":36},"end":{"line":201,"column":119}},"80":{"start":{"line":202,"column":11},"end":{"line":202,"column":74}},"81":{"start":{"line":203,"column":11},"end":{"line":203,"column":119}},"82":{"start":{"line":211,"column":36},"end":{"line":211,"column":1337}},"83":{"start":{"line":211,"column":1262},"end":{"line":211,"column":1335}},"84":{"start":{"line":212,"column":10},"end":{"line":212,"column":75}}},"fnMap":{"0":{"name":"(anonymous_0)","decl":{"start":{"line":9,"column":10},"end":{"line":9,"column":11}},"loc":{"start":{"line":9,"column":16},"end":{"line":214,"column":10}},"line":9},"1":{"name":"(anonymous_1)","decl":{"start":{"line":17,"column":7},"end":{"line":17,"column":8}},"loc":{"start":{"line":17,"column":78},"end":{"line":21,"column":7}},"line":17},"2":{"name":"(anonymous_2)","decl":{"start":{"line":27,"column":7},"end":{"line":27,"column":8}},"loc":{"start":{"line":27,"column":78},"end":{"line":31,"column":7}},"line":27},"3":{"name":"(anonymous_3)","decl":{"start":{"line":37,"column":7},"end":{"line":37,"column":8}},"loc":{"start":{"line":37,"column":78},"end":{"line":41,"column":7}},"line":37},"4":{"name":"(anonymous_4)","decl":{"start":{"line":47,"column":7},"end":{"line":47,"column":8}},"loc":{"start":{"line":47,"column":78},"end":{"line":51,"column":7}},"line":47},"5":{"name":"(anonymous_5)","decl":{"start":{"line":57,"column":7},"end":{"line":57,"column":8}},"loc":{"start":{"line":57,"colu
[...]
,"/Users/tim.mcconechy/Dev/enterprise-wc/build/development/src_components_ids-popup_ids-popup_ts/src_components_ids-popup_ids-popup_ts.js": {"path":"/Users/tim.mcconechy/Dev/enterprise-wc/build/development/src_components_ids-popup_ids-popup_ts/src_components_ids-popup_ids-popup_ts.js","statementMap":{"0":{"start":{"line":10,"column":0},"end":{"line":32,"column":4}},"1":{"start":{"line":18,"column":0},"end":{"line":18,"column":10863}},"2":{"start":{"line":28,"column":0},"end":{"line":28,"column":154099}}},"fnMap":{"0":{"name":"(anonymous_0)","decl":{"start":{"line":16,"column":7},"end":{"line":16,"column":8}},"loc":{"start":{"line":16,"column":78},"end":{"line":20,"column":7}},"line":16},"1":{"name":"(anonymous_1)","decl":{"start":{"line":26,"column":7},"end":{"line":26,"column":8}},"loc":{"start":{"line":26,"column":78},"end":{"line":30,"column":7}},"line":26}},"branchMap":{"0":{"loc":{"start":{"line":10,"column":41},"end":{"line":10,"column":84}},"type":"binary-expr","locations":[{"start":{"line":10,"column":41},"end":{"line":10,"column":78}},{"start":{"line":10,"column":82},"end":{"line":10,"column":84}}],"line":10}},"s":{"0":8,"1":24,"2":24},"f":{"0":24,"1":24},"b":{"0":[8,0]},"_coverageSchema":"1a1c01bbd47fc00a2c39e90264f33305004495a9","hash":"865597bc1c98b76e565252b9a4ce5641e2b260a2"}
,"/Users/tim.mcconechy/Dev/enterprise-wc/build/development/src_components_ids-tag_ids-tag_ts/src_components_ids-tag_ids-tag_ts.js": {"path":"/Users/tim.mcconechy/Dev/enterprise-wc/build/development/src_components_ids-tag_ids-tag_ts/src_components_ids-tag_ids-tag_ts.js","statementMap":{"0":{"start":{"line":10,"column":0},"end":{"line":32,"column":4}},"1":{"start":{"line":18,"column":0},"end":{"line":18,"column":28787}},"2":{"start":{"line":28,"column":0},"end":{"line":28,"column":10915}}},"fnMap":{"0":{"name":"(anonymous_0)","decl":{"start":{"line":16,"column":7},"end":{"line":16,"column":8}},"loc":{"start":{"line":16,"column":78},"end":{"line":20,"column":7}},"line":16},"1":{"name":"(anonymous_1)","decl":{"start":{"line":26,"column":7},"end":{"line":26,"column":8}},"loc":{"start":{"line":26,"column":78},"end":{"line":30,"column":7}},"line":26}},"branchMap":{"0":{"loc":{"start":{"line":10,"column":41},"end":{"line":10,"column":84}},"type":"binary-expr","locations":[{"start":{"line":10,"column":41},"end":{"line":10,"column":78}},{"start":{"line":10,"column":82},"end":{"line":10,"column":84}}],"line":10}},"s":{"0":8,"1":8,"2":8},"f":{"0":8,"1":8},"b":{"0":[8,0]},"_coverageSchema":"1a1c01bbd47fc00a2c39e90264f33305004495a9","hash":"66c0ce14d89c969d8bb62722bc0f164f2b072b99"}
,"/Users/tim.mcconechy/Dev/enterprise-wc/build/development/src_components_ids-text_ids-text_ts/src_components_ids-text_ids-text_ts.js": {"path":"/Users/tim.mcconechy/Dev/enterprise-wc/build/development/src_components_ids-text_ids-text_ts/src_components_ids-text_ids-text_ts.js","statementMap":{"0":{"start":{"line":10,"column":0},"end":{"line":42,"column":4}},"1":{"start":{"line":18,"column":0},"end":{"line":18,"column":45633}},"2":{"start":{"line":28,"column":0},"end":{"line":28,"column":9598}},"3":{"start":{"line":38,"column":0},"end":{"line":38,"column":14332}}},"fnMap":{"0":{"name":"(anonymous_0)","decl":{"start":{"line":16,"column":7},"end":{"line":16,"column":8}},"loc":{"start":{"line":16,"column":78},"end":{"line":20,"column":7}},"line":16},"1":{"name":"(anonymous_1)","decl":{"start":{"line":26,"column":7},"end":{"line":26,"column":8}},"loc":{"start":{"line":26,"column":78},"end":{"line":30,"column":7}},"line":26},"2":{"name":"(anonymous_2)","decl":{"start":{"line":36,"column":7},"end":{"line":36,"column":8}},"loc":{"start":{"line":36,"column":78},"end":{"line":40,"column":7}},"line":36}},"branchMap":{"0":{"loc":{"start":{"line":10,"column":41},"end":{"line":10,"column":84}},"type":"binary-expr","locations":[{"start":{"line":10,"column":41},"end":{"line":10,"column":78}},{"start":{"line":10,"column":82},"end":{"line":10,"column":84}}],"line":10}},"s":{"0":8,"1":16,"2":24,"3":16},"f":{"0":16,"1":24,"2":16},"b":{"0":[8,0]},"_coverageSchema":"1a1c01bbd47fc00a2c39e90264f33305004495a9","hash":"03954219eeff72454f83e7fc12fc59a27878d45c"}
,"/Users/tim.mcconechy/Dev/enterprise-wc/build/development/src_core_ids-attributes_ts-src_core_ids-decorators_ts-src_core_ids-element_ts/src_core_ids-attributes_ts-src_core_ids-decorators_ts-src_core_ids-element_ts.js": {"path":"/Users/tim.mcconechy/Dev/enterprise-wc/build/development/src_core_ids-attributes_ts-src_core_ids-decorators_ts-src_core_ids-element_ts/src_core_ids-attributes_ts-src_core_ids-decorators_ts-src_core_ids-element_ts.js","statementMap":{"0":{"start":{"line":10,"column":0},"end":{"line":52,"column":4}},"1":{"start":{"line":18,"column":0},"end":{"line":18,"column":50918}},"2":{"start":{"line":28,"column":0},"end":{"line":28,"column":2048}},"3":{"start":{"line":38,"column":0},"end":{"line":38,"column":20546}},"4":{"start":{"line":48,"column":0},"end":{"line":48,"column":9888}}},"fnMap":{"0":{"name":"(anonymous_0)","decl":{"start":{"line":16,"column":7},"end":{"line":16,"column":8}},"loc":{"start":{"line":16,"column":78},"end":{"line":20,"column":7}},"line":16},"1":{"name":"(anonymous_1)","decl":{"start":{"line":26,"column":7},"end":{"line":26,"column":8}},"loc":{"start":{"line":26,"column":78},"end":{"line":30,"column":7}},"line":26},"2":{"name":"(anonymous_2)","decl":{"start":{"line":36,"column":7},"end":{"line":36,"column":8}},"loc":{"start":{"line":36,"column":78},"end":{"line":40,"column":7}},"line":36},"3":{"name":"(anonymous_3)","decl":{"start":{"line":46,"column":7},"end":{"line":46,"column":8}},"loc":{"start":{"line":46,"column":78},"end":{"line":50,"column":7}},"line":46}},"branchMap":{"0":{"loc":{"start":{"line":10,"column":41},"end":{"line":10,"column":84}},"type":"binary-expr","locations":[{"start":{"line":10,"column":41},"end":{"line":10,"column":78}},{"start":{"line":10,"column":82},"end":{"line":10,"column":84}}],"line":10}},"s":{"0":8,"1":48,"2":48,"3":48,"4":48},"f":{"0":48,"1":48,"2":48,"3":48},"b":{"0":[8,8]},"_coverageSchema":"1a1c01bbd47fc00a2c39e90264f33305004495a9","hash":"a6e83849e8127c4625cf76af33032bb3852f4137"}
,"/Users/tim.mcconechy/Dev/enterprise-wc/build/development/src_core_ids-data-source_ts/src_core_ids-data-source_ts.js": {"path":"/Users/tim.mcconechy/Dev/enterprise-wc/build/development/src_core_ids-data-source_ts/src_core_ids-data-source_ts.js","statementMap":{"0":{"start":{"line":10,"column":0},"end":{"line":32,"column":4}},"1":{"start":{"line":18,"column":0},"end":{"line":18,"column":33905}},"2":{"start":{"line":28,"column":0},"end":{"line":28,"column":6672}}},"fnMap":{"0":{"name":"(anonymous_0)","decl":{"start":{"line":16,"column":7},"end":{"line":16,"column":8}},"loc":{"start":{"line":16,"column":78},"end":{"line":20,"column":7}},"line":16},"1":{"name":"(anonymous_1)","decl":{"start":{"line":26,"column":7},"end":{"line":26,"column":8}},"loc":{"start":{"line":26,"column":78},"end":{"line":30,"column":7}},"line":26}},"branchMap":{"0":{"loc":{"start":{"line":10,"column":41},"end":{"line":10,"column":84}},"type":"binary-expr","locations":[{"start":{"line":10,"column":41},"end":{"line":10,"column":78}},{"start":{"line":10,"column":82},"end":{"line":10,"column":84}}],"line":10}},"s":{"0":8,"1":8,"2":8},"f":{"0":8,"1":8},"b":{"0":[8,0]},"_coverageSchema":"1a1c01bbd47fc00a2c39e90264f33305004495a9","hash":"d7438c2096864cd5c343039e6ba91f29de6a2350"}
,"/Users/tim.mcconechy/Dev/enterprise-wc/build/development/src_mixins_ids-attachment-mixin_ids-attachment-mixin_ts-src_mixins_ids-popup-interactions-mix-9b7040/src_mixins_ids-attachment-mixin_ids-attachment-mixin_ts-src_mixins_ids-popup-interactions-mix-9b7040.js": {"path":"/Users/tim.mcconechy/Dev/enterprise-wc/build/development/src_mixins_ids-attachment-mixin_ids-attachment-mixin_ts-src_mixins_ids-popup-interactions-mix-9b7040/src_mixins_ids-attachment-mixin_ids-attachment-mixin_ts-src_mixins_ids-popup-interactions-mix-9b7040.js","statementMap":{"0":{"start":{"line":10,"column":0},"end":{"line":42,"column":4}},"1":{"start":{"line":18,"column":0},"end":{"line":18,"column":8950}},"2":{"start":{"line":28,"column":0},"end":{"line":28,"column":24464}},"3":{"start":{"line":38,"column":0},"end":{"line":38,"column":7765}}},"fnMap":{"0":{"name":"(anonymous_0)","decl":{"start":{"line":16,"column":7},"end":{"line":16,"column":8}},"loc":{"start":{"line":16,"column":78},"end":{"line":20,"column":7}},"line":16},"1":{"name":"(anonymous_1)","decl":{"start":{"line":26,"column":7},"end":{"line":26,"column":8}},"loc":{"start":{"line":26,"column":78},"end":{"line":30,"column":7}},"line":26},"2":{"name":"(anonymous_2)","decl":{"start":{"line":36,"column":7},"end":{"line":36,"column":8}},"loc":{"start":{"line":36,"column":78},"end":{"line":40,"column":7}},"line":36}},"branchMap":{"0":{"loc":{"start":{"line":10,"column":41},"end":{"line":10,"column":84}},"type":"binary-expr","locations":[{"start":{"line":10,"column":41},"end":{"line":10,"column":78}},{"start":{"line":10,"column":82},"end":{"line":10,"column":84}}],"line":10}},"s":{"0":8,"1":8,"2":8,"3":8},"f":{"0":8,"1":8,"2":8},"b":{"0":[8,0]},"_coverageSchema":"1a1c01bbd47fc00a2c39e90264f33305004495a9","hash":"c07c0a3152fcf90a269a3f4bd050d59ccb7bb6d6"}
,"/Users/tim.mcconechy/Dev/enterprise-wc/build/development/src_mixins_ids-dirty-tracker-mixin_ids-dirty-tracker-mixin_ts-src_mixins_ids-validation-mixin-f0445e/src_mixins_ids-dirty-tracker-mixin_ids-dirty-tracker-mixin_ts-src_mixins_ids-validation-mixin-f0445e.js": {"path":"/Users/tim.mcconechy/Dev/enterprise-wc/build/development/src_mixins_ids-dirty-tracker-mixin_ids-dirty-tracker-mixin_ts-src_mixins_ids-validation-mixin-f0445e/src_mixins_ids-dirty-tracker-mixin_ids-dirty-tracker-mixin_ts-src_mixins_ids-validation-mixin-f0445e.js","statementMap":{"0":{"start":{"line":10,"column":0},"end":{"line":42,"column":4}},"1":{"start":{"line":18,"column":0},"end":{"line":18,"column":25526}},"2":{"start":{"line":28,"column":0},"end":{"line":28,"column":71574}},"3":{"start":{"line":38,"column":0},"end":{"line":38,"column":3328}}},"fnMap":{"0":{"name":"(anonymous_0)","decl":{"start":{"line":16,"column":7},"end":{"line":16,"column":8}},"loc":{"start":{"line":16,"column":78},"end":{"line":20,"column":7}},"line":16},"1":{"name":"(anonymous_1)","decl":{"start":{"line":26,"column":7},"end":{"line":26,"column":8}},"loc":{"start":{"line":26,"column":78},"end":{"line":30,"column":7}},"line":26},"2":{"name":"(anonymous_2)","decl":{"start":{"line":36,"column":7},"end":{"line":36,"column":8}},"loc":{"start":{"line":36,"column":78},"end":{"line":40,"column":7}},"line":36}},"branchMap":{"0":{"loc":{"start":{"line":10,"column":41},"end":{"line":10,"column":84}},"type":"binary-expr","locations":[{"start":{"line":10,"column":41},"end":{"line":10,"column":78}},{"start":{"line":10,"column":82},"end":{"line":10,"column":84}}],"line":10}},"s":{"0":8,"1":8,"2":8,"3":8},"f":{"0":8,"1":8,"2":8},"b":{"0":[8,0]},"_coverageSchema":"1a1c01bbd47fc00a2c39e90264f33305004495a9","hash":"898d05ce1f4df8a91f12217c213cf248d8d05d05"}
,"/Users/tim.mcconechy/Dev/enterprise-wc/build/development/src_mixins_ids-events-mixin_ids-events-mixin_ts/src_mixins_ids-events-mixin_ids-events-mixin_ts.js": {"path":"/Users/tim.mcconechy/Dev/enterprise-wc/build/development/src_mixins_ids-events-mixin_ids-events-mixin_ts/src_mixins_ids-events-mixin_ids-events-mixin_ts.js","statementMap":{"0":{"start":{"line":10,"column":0},"end":{"line":42,"column":4}},"1":{"start":{"line":18,"column":0},"end":{"line":18,"column":1270}},"2":{"start":{"line":28,"column":0},"end":{"line":28,"column":53066}},"3":{"start":{"line":38,"column":0},"end":{"line":38,"column":10353}}},"fnMap":{"0":{"name":"(anonymous_0)","decl":{"start":{"line":16,"column":7},"end":{"line":16,"column":8}},"loc":{"start":{"line":16,"column":78},"end":{"line":20,"column":7}},"line":16},"1":{"name":"(anonymous_1)","decl":{"start":{"line":26,"column":7},"end":{"line":26,"column":8}},"loc":{"start":{"line":26,"column":78},"end":{"line":30,"column":7}},"line":26},"2":{"name":"(anonymous_2)","decl":{"start":{"line":36,"column":7},"end":{"line":36,"column":8}},"loc":{"start":{"line":36,"column":78},"end":{"line":40,"column":7}},"line":36}},"branchMap":{"0":{"loc":{"start":{"line":10,"column":41},"end":{"line":10,"column":84}},"type":"binary-expr","locations":[{"start":{"line":10,"column":41},"end":{"line":10,"column":78}},{"start":{"line":10,"column":82},"end":{"line":10,"column":84}}],"line":10}},"s":{"0":8,"1":48,"2":48,"3":48},"f":{"0":48,"1":48,"2":48},"b":{"0":[8,0]},"_coverageSchema":"1a1c01bbd47fc00a2c39e90264f33305004495a9","hash":"28cf14acd16f3f620c0d805d8ab98dfd5b64cf26"}
,"/Users/tim.mcconechy/Dev/enterprise-wc/build/development/src_mixins_ids-locale-mixin_ids-locale-mixin_ts-src_utils_ids-dom-utils_ids-dom-utils_ts-src_-0d5e42/src_mixins_ids-locale-mixin_ids-locale-mixin_ts-src_utils_ids-dom-utils_ids-dom-utils_ts-src_-0d5e42.js": {"path":"/Users/tim.mcconechy/Dev/enterprise-wc/build/development/src_mixins_ids-locale-mixin_ids-locale-mixin_ts-src_utils_ids-dom-utils_ids-dom-utils_ts-src_-0d5e42/src_mixins_ids-locale-mixin_ids-locale-mixin_ts-src_utils_ids-dom-utils_ids-dom-utils_ts-src_-0d5e42.js","statementMap":{"0":{"start":{"line":10,"column":0},"end":{"line":42,"column":4}},"1":{"start":{"line":18,"column":0},"end":{"line":18,"column":18166}},"2":{"start":{"line":28,"column":0},"end":{"line":28,"column":25372}},"3":{"start":{"line":38,"column":0},"end":{"line":38,"column":12042}}},"fnMap":{"0":{"name":"(anonymous_0)","decl":{"start":{"line":16,"column":7},"end":{"line":16,"column":8}},"loc":{"start":{"line":16,"column":78},"end":{"line":20,"column":7}},"line":16},"1":{"name":"(anonymous_1)","decl":{"start":{"line":26,"column":7},"end":{"line":26,"column":8}},"loc":{"start":{"line":26,"column":78},"end":{"line":30,"column":7}},"line":26},"2":{"name":"(anonymous_2)","decl":{"start":{"line":36,"column":7},"end":{"line":36,"column":8}},"loc":{"start":{"line":36,"column":78},"end":{"line":40,"column":7}},"line":36}},"branchMap":{"0":{"loc":{"start":{"line":10,"column":41},"end":{"line":10,"column":84}},"type":"binary-expr","locations":[{"start":{"line":10,"column":41},"end":{"line":10,"column":78}},{"start":{"line":10,"column":82},"end":{"line":10,"column":84}}],"line":10}},"s":{"0":8,"1":40,"2":32,"3":32},"f":{"0":40,"1":32,"2":32},"b":{"0":[8,0]},"_coverageSchema":"1a1c01bbd47fc00a2c39e90264f33305004495a9","hash":"fc7b360bc3ffcdcf25392bf4e7eff154fecac99b"}
,"/Users/tim.mcconechy/Dev/enterprise-wc/build/development/src_mixins_ids-tooltip-mixin_ids-tooltip-mixin_ts/src_mixins_ids-tooltip-mixin_ids-tooltip-mixin_ts.js": {"path":"/Users/tim.mcconechy/Dev/enterprise-wc/build/development/src_mixins_ids-tooltip-mixin_ids-tooltip-mixin_ts/src_mixins_ids-tooltip-mixin_ids-tooltip-mixin_ts.js","statementMap":{"0":{"start":{"line":10,"column":0},"end":{"line":52,"column":4}},"1":{"start":{"line":18,"column":0},"end":{"line":18,"column":35992}},"2":{"start":{"line":28,"column":0},"end":{"line":28,"column":11473}},"3":{"start":{"line":38,"column":0},"end":{"line":38,"column":11705}},"4":{"start":{"line":48,"column":0},"end":{"line":48,"column":1964}}},"fnMap":{"0":{"name":"(anonymous_0)","decl":{"start":{"line":16,"column":7},"end":{"line":16,"column":8}},"loc":{"start":{"line":16,"column":78},"end":{"line":20,"column":7}},"line":16},"1":{"name":"(anonymous_1)","decl":{"start":{"line":26,"column":7},"end":{"line":26,"column":8}},"loc":{"start":{"line":26,"column":78},"end":{"line":30,"column":7}},"line":26},"2":{"name":"(anonymous_2)","decl":{"start":{"line":36,"column":7},"end":{"line":36,"column":8}},"loc":{"start":{"line":36,"column":78},"end":{"line":40,"column":7}},"line":36},"3":{"name":"(anonymous_3)","decl":{"start":{"line":46,"column":7},"end":{"line":46,"column":8}},"loc":{"start":{"line":46,"column":78},"end":{"line":50,"column":7}},"line":46}},"branchMap":{"0":{"loc":{"start":{"line":10,"column":41},"end":{"line":10,"column":84}},"type":"binary-expr","locations":[{"start":{"line":10,"column":41},"end":{"line":10,"column":78}},{"start":{"line":10,"column":82},"end":{"line":10,"column":84}}],"line":10}},"s":{"0":8,"1":24,"2":32,"3":24,"4":24},"f":{"0":24,"1":32,"2":24,"3":24},"b":{"0":[8,0]},"_coverageSchema":"1a1c01bbd47fc00a2c39e90264f33305004495a9","hash":"dcda7cd77752c24f63c291abe89ab69142e7bdd9"}
,"/Users/tim.mcconechy/Dev/enterprise-wc/build/development/vendors-node_modules_ids-identity_dist_theme-new_icons_empty_path-data_json/vendors-node_modules_ids-identity_dist_theme-new_icons_empty_path-data_json.js": {"path":"/Users/tim.mcconechy/Dev/enterprise-wc/build/development/vendors-node_modules_ids-identity_dist_theme-new_icons_empty_path-data_json/vendors-node_modules_ids-identity_dist_theme-new_icons_empty_path-data_json.js","statementMap":{"0":{"start":{"line":10,"column":0},"end":{"line":22,"column":4}},"1":{"start":{"line":18,"column":0},"end":{"line":18,"column":103233}}},"fnMap":{"0":{"name":"(anonymous_0)","decl":{"start":{"line":16,"column":7},"end":{"line":16,"column":8}},"loc":{"start":{"line":16,"column":19},"end":{"line":20,"column":7}},"line":16}},"branchMap":{"0":{"loc":{"start":{"line":10,"column":41},"end":{"line":10,"column":84}},"type":"binary-expr","locations":[{"start":{"line":10,"column":41},"end":{"line":10,"column":78}},{"start":{"line":10,"column":82},"end":{"line":10,"column":84}}],"line":10}},"s":{"0":8,"1":24},"f":{"0":24},"b":{"0":[8,0]},"_coverageSchema":"1a1c01bbd47fc00a2c39e90264f33305004495a9","hash":"319f2801399050c2ba48d73906568b8e290ef66d"}
,"/Users/tim.mcconechy/Dev/enterprise-wc/build/development/vendors-node_modules_ids-identity_dist_theme-new_icons_standard_path-data_json/vendors-node_modules_ids-identity_dist_theme-new_icons_standard_path-data_json.js": {"path":"/Users/tim.mcconechy/Dev/enterprise-wc/build/development/vendors-node_modules_ids-identity_dist_theme-new_icons_standard_path-data_json/vendors-node_modules_ids-identity_dist_theme-new_icons_standard_path-data_json.js","statementMap":{"0":{"start":{"line":10,"column":0},"end":{"line":22,"column":4}},"1":{"start":{"line":18,"column":0},"end":{"line":18,"column":212894}}},"fnMap":{"0":{"name":"(anonymous_0)","decl":{"start":{"line":16,"column":7},"end":{"line":16,"column":8}},"loc":{"start":{"line":16,"column":19},"end":{"line":20,"column":7}},"line":16}},"branchMap":{"0":{"loc":{"start":{"line":10,"column":41},"end":{"line":10,"column":84}},"type":"binary-expr","locations":[{"start":{"line":10,"column":41},"end":{"line":10,"column":78}},{"start":{"line":10,"column":82},"end":{"line":10,"column":84}}],"line":10}},"s":{"0":8,"1":24},"f":{"0":24},"b":{"0":[8,0]},"_coverageSchema":"1a1c01bbd47fc00a2c39e90264f33305004495a9","hash":"b76c03fd267fa1133d16288066d5a1c7d56ee7d9"}
,"/Users/tim.mcconechy/Dev/enterprise-wc/build/themes/mixins/ids-core-mixins.scss": {"path":"/Users/tim.mcconechy/Dev/enterprise-wc/build/themes/mixins/ids-core-mixins.scss","statementMap":{"0":{"start":{"line":11,"column":2},"end":{"line":11,"column":null}}},"fnMap":{"0":{"name":"(anonymous_0)","decl":{"start":{"line":11,"column":2},"end":{"line":11,"column":null}},"loc":{"start":{"line":11,"column":2},"end":{"line":11,"column":null}}}},"branchMap":{"0":{"loc":{"start":{"line":11,"column":2},"end":{"line":11,"column":null}},"type":"cond-expr","locations":[{"start":{"line":11,"column":2},"end":{"line":11,"column":null}},{"start":{"line":11,"column":2},"end":{"line":11,"column":null}}]}},"s":{"0":39},"f":{"0":26},"b":{"0":[64,282]}}
}
