TN:
SF:build/development/ids-container/ids-container.js
FN:9,(anonymous_0)
FN:17,(anonymous_1)
FN:27,(anonymous_2)
FN:37,(anonymous_3)
FN:47,(anonymous_4)
FN:57,(anonymous_5)
FN:67,(anonymous_6)
FN:79,__webpack_require__
FN:104,(anonymous_8)
FN:106,(anonymous_9)
FN:118,(anonymous_10)
FN:136,(anonymous_11)
FN:138,(anonymous_12)
FN:148,(anonymous_13)
FN:149,(anonymous_14)
FN:153,(anonymous_15)
FN:155,(anonymous_16)
FN:164,(anonymous_17)
FN:184,(anonymous_18)
FN:187,(anonymous_19)
FN:192,(anonymous_20)
FN:221,(anonymous_21)
FNF:26
FNH:26
FNDA:16,(anonymous_0)
FNDA:16,(anonymous_1)
FNDA:16,(anonymous_2)
FNDA:16,(anonymous_3)
FNDA:16,(anonymous_4)
FNDA:16,(anonymous_5)
FNDA:16,(anonymous_6)
FNDA:192,__webpack_require__
FNDA:16,(anonymous_8)
FNDA:248,(anonymous_9)
FNDA:32,(anonymous_10)
FNDA:16,(anonymous_11)
FNDA:144,(anonymous_12)
FNDA:16,(anonymous_13)
FNDA:1800,(anonymous_14)
FNDA:16,(anonymous_15)
FNDA:152,(anonymous_16)
FNDA:16,(anonymous_17)
FNDA:32,(anonymous_18)
FNDA:408,(anonymous_19)
FNDA:232,(anonymous_20)
FNDA:144,(anonymous_21)
DA:9,16
DA:11,16
DA:19,16
DA:29,16
DA:39,16
DA:49,16
DA:59,16
DA:69,16
DA:76,16
DA:81,192
DA:82,192
DA:83,48
DA:86,152
DA:93,152
DA:96,152
DA:100,16
DA:104,16
DA:105,16
DA:106,16
DA:107,248
DA:108,16
DA:109,192
DA:110,152
DA:111,152
DA:113,376
DA:114,240
DA:115,144
DA:116,496
DA:117,496
DA:118,1000
DA:119,32
DA:121,8
DA:122,144
DA:125,152
DA:126,16
DA:127,8
DA:128,8
DA:131,232
DA:136,8
DA:138,8
DA:139,136
DA:140,488
DA:141,488
DA:148,8
DA:149,1792
DA:153,8
DA:155,8
DA:156,144
DA:157,144
DA:159,144
DA:164,8
DA:170,8
DA:184,24
DA:187,8
DA:188,224
DA:191,224
DA:192,224
DA:193,224
DA:194,592
DA:195,592
DA:198,224
DA:200,224
DA:201,224
DA:202,224
DA:203,224
DA:204,0
DA:206,224
DA:208,224
DA:211,8
DA:212,8
DA:213,8
DA:221,8
DA:222,8
LF:73
LH:72
BRDA:82,0,0,80
BRDA:82,0,1,288
BRDA:107,1,0,496
BRDA:107,1,1,232
BRDA:108,2,0,496
BRDA:108,2,1,496
BRDA:109,3,0,152
BRDA:109,3,1,0
BRDA:118,4,0,168
BRDA:118,4,1,144
BRDA:118,5,0,24
BRDA:118,5,1,24
BRDA:118,5,2,24
BRDA:122,6,0,0
BRDA:122,6,1,0
BRDA:125,7,0,8
BRDA:125,7,1,0
BRDA:128,8,0,8
BRDA:128,8,1,0
BRDA:140,9,0,488
BRDA:140,9,1,0
BRDA:140,10,0,488
BRDA:140,10,1,488
BRDA:156,11,0,144
BRDA:156,11,1,0
BRDA:156,12,0,144
BRDA:156,12,1,144
BRDA:192,13,0,224
BRDA:192,13,1,0
BRDA:194,14,0,592
BRDA:194,14,1,0
BRDA:198,15,0,0
BRDA:198,15,1,224
BRDA:200,16,0,200
BRDA:200,16,1,24
BRDA:203,17,0,0
BRDA:203,17,1,224
BRDA:203,18,0,224
BRDA:203,18,1,0
BRDA:211,19,0,8
BRDA:211,19,1,0
BRF:41
BRH:28
end_of_record
TN:
SF:build/development/ids-icon/ids-icon.js
FN:9,(anonymous_0)
FN:17,(anonymous_1)
FN:27,(anonymous_2)
FN:39,__webpack_require__
FN:64,(anonymous_4)
FN:66,(anonymous_5)
FN:78,(anonymous_6)
FN:96,(anonymous_7)
FN:98,(anonymous_8)
FN:108,(anonymous_9)
FN:109,(anonymous_10)
FN:113,(anonymous_11)
FN:115,(anonymous_12)
FN:124,(anonymous_13)
FN:144,(anonymous_14)
FN:147,(anonymous_15)
FN:152,(anonymous_16)
FN:181,(anonymous_17)
FNF:30
FNH:30
FNDA:16,(anonymous_0)
FNDA:16,(anonymous_1)
FNDA:16,(anonymous_2)
FNDA:224,__webpack_require__
FNDA:16,(anonymous_4)
FNDA:248,(anonymous_5)
FNDA:64,(anonymous_6)
FNDA:16,(anonymous_7)
FNDA:160,(anonymous_8)
FNDA:16,(anonymous_9)
FNDA:2088,(anonymous_10)
FNDA:16,(anonymous_11)
FNDA:168,(anonymous_12)
FNDA:16,(anonymous_13)
FNDA:64,(anonymous_14)
FNDA:232,(anonymous_15)
FNDA:232,(anonymous_16)
FNDA:16,(anonymous_17)
DA:9,16
DA:11,16
DA:19,16
DA:29,16
DA:36,16
DA:41,224
DA:42,224
DA:43,48
DA:46,184
DA:53,184
DA:56,184
DA:60,16
DA:64,16
DA:65,16
DA:66,16
DA:67,248
DA:68,16
DA:69,16
DA:70,16
DA:71,16
DA:73,240
DA:74,240
DA:75,224
DA:76,224
DA:77,184
DA:78,232
DA:79,64
DA:81,8
DA:82,632
DA:85,640
DA:86,16
DA:87,16
DA:88,1272
DA:91,240
DA:96,168
DA:98,168
DA:99,312
DA:100,640
DA:101,632
DA:108,8
DA:109,2080
DA:113,8
DA:115,8
DA:116,160
DA:117,160
DA:119,160
DA:124,8
DA:130,8
DA:144,56
DA:147,8
DA:148,224
DA:151,224
DA:152,224
DA:153,224
DA:154,592
DA:155,592
DA:158,224
DA:160,224
DA:161,224
DA:162,224
DA:163,224
DA:164,0
DA:166,224
DA:168,224
DA:171,8
DA:172,8
DA:173,8
DA:181,8
DA:182,8
LF:69
LH:68
BRDA:42,0,0,80
BRDA:42,0,1,352
BRDA:67,1,0,640
BRDA:67,1,1,232
BRDA:68,2,0,640
BRDA:68,2,1,640
BRDA:69,3,0,168
BRDA:69,3,1,0
BRDA:78,4,0,216
BRDA:78,4,1,160
BRDA:78,5,0,56
BRDA:78,5,1,56
BRDA:78,5,2,56
BRDA:82,6,0,0
BRDA:82,6,1,0
BRDA:85,7,0,8
BRDA:85,7,1,0
BRDA:88,8,0,8
BRDA:88,8,1,0
BRDA:100,9,0,632
BRDA:100,9,1,0
BRDA:100,10,0,632
BRDA:100,10,1,632
BRDA:116,11,0,160
BRDA:116,11,1,0
BRDA:116,12,0,160
BRDA:116,12,1,160
BRDA:152,13,0,224
BRDA:152,13,1,0
BRDA:154,14,0,592
BRDA:154,14,1,0
BRDA:158,15,0,0
BRDA:158,15,1,224
BRDA:160,16,0,168
BRDA:160,16,1,56
BRDA:163,17,0,0
BRDA:163,17,1,224
BRDA:163,18,0,224
BRDA:163,18,1,0
BRDA:171,19,0,8
BRDA:171,19,1,0
BRF:41
BRH:28
end_of_record
TN:
SF:build/development/ids-layout-grid/ids-layout-grid.js
FN:9,(anonymous_0)
FN:17,(anonymous_1)
FN:27,(anonymous_2)
FN:37,(anonymous_3)
FN:47,(anonymous_4)
FN:57,(anonymous_5)
FN:67,(anonymous_6)
FN:77,(anonymous_7)
FN:89,__webpack_require__
FN:114,(anonymous_9)
FN:116,(anonymous_10)
FN:128,(anonymous_11)
FN:146,(anonymous_12)
FN:148,(anonymous_13)
FN:158,(anonymous_14)
FN:159,(anonymous_15)
FN:163,(anonymous_16)
FN:165,(anonymous_17)
FN:174,(anonymous_18)
FN:179,(anonymous_19)
FN:199,(anonymous_20)
FN:202,(anonymous_21)
FN:207,(anonymous_22)
FN:236,(anonymous_23)
FNF:70
FNH:70
FNDA:16,(anonymous_0)
FNDA:16,(anonymous_1)
FNDA:16,(anonymous_2)
FNDA:16,(anonymous_3)
FNDA:16,(anonymous_4)
FNDA:16,(anonymous_5)
FNDA:16,(anonymous_6)
FNDA:16,(anonymous_7)
FNDA:1280,__webpack_require__
FNDA:16,(anonymous_9)
FNDA:248,(anonymous_10)
FNDA:176,(anonymous_11)
FNDA:16,(anonymous_12)
FNDA:464,(anonymous_13)
FNDA:16,(anonymous_14)
FNDA:3208,(anonymous_15)
FNDA:16,(anonymous_16)
FNDA:472,(anonymous_17)
FNDA:16,(anonymous_18)
FNDA:16,(anonymous_19)
FNDA:176,(anonymous_20)
FNDA:232,(anonymous_21)
FNDA:232,(anonymous_22)
FNDA:16,(anonymous_23)
DA:9,16
DA:11,16
DA:19,16
DA:29,16
DA:39,16
DA:49,16
DA:59,16
DA:69,16
DA:79,16
DA:86,16
DA:91,1280
DA:92,1280
DA:93,792
DA:96,496
DA:103,496
DA:106,496
DA:110,16
DA:114,16
DA:115,16
DA:116,16
DA:117,248
DA:118,16
DA:119,16
DA:120,16
DA:121,16
DA:123,240
DA:124,240
DA:125,16
DA:126,16
DA:127,16
DA:128,176
DA:129,176
DA:131,8
DA:132,8
DA:135,16
DA:136,16
DA:137,16
DA:138,16
DA:141,240
DA:146,16
DA:148,16
DA:149,464
DA:150,1200
DA:151,1200
DA:158,16
DA:159,3208
DA:163,16
DA:165,16
DA:166,472
DA:167,472
DA:169,472
DA:174,16
DA:175,16
DA:179,16
DA:185,16
DA:199,1440
DA:202,1280
DA:203,1008
DA:206,712
DA:207,712
DA:208,232
DA:209,600
DA:210,1048
DA:213,1416
DA:215,232
DA:216,2608
DA:217,232
DA:218,232
DA:219,464
DA:221,688
DA:223,688
DA:226,16
DA:227,16
DA:228,16
DA:236,8
DA:237,8
LF:76
LH:76
BRDA:92,0,0,1568
BRDA:92,0,1,976
BRDA:117,1,0,1200
BRDA:117,1,1,232
BRDA:118,2,0,1200
BRDA:118,2,1,1200
BRDA:119,3,0,472
BRDA:119,3,1,0
BRDA:128,4,0,632
BRDA:128,4,1,464
BRDA:128,5,0,168
BRDA:128,5,1,168
BRDA:128,5,2,168
BRDA:132,6,0,0
BRDA:132,6,1,0
BRDA:135,7,0,8
BRDA:135,7,1,0
BRDA:138,8,0,8
BRDA:138,8,1,0
BRDA:150,9,0,1192
BRDA:150,9,1,0
BRDA:150,10,0,1192
BRDA:150,10,1,1192
BRDA:166,11,0,464
BRDA:166,11,1,0
BRDA:166,12,0,464
BRDA:166,12,1,464
BRDA:207,13,0,224
BRDA:207,13,1,0
BRDA:209,14,0,592
BRDA:209,14,1,0
BRDA:213,15,0,0
BRDA:213,15,1,224
BRDA:215,16,0,56
BRDA:215,16,1,168
BRDA:218,17,0,0
BRDA:218,17,1,224
BRDA:218,18,0,224
BRDA:218,18,1,0
BRDA:226,19,0,8
BRDA:226,19,1,0
BRF:41
BRH:28
end_of_record
TN:
SF:build/development/ids-tag/ids-tag.scss
FN:37,(anonymous_6)
FN:45,(anonymous_8)
FN:48,stringToBool
FN:55,stringToNumber
FNF:4
FNH:4
FNDA:253,(anonymous_6)
FNDA:16,(anonymous_8)
FNDA:496,stringToBool
FNDA:16,stringToNumber
DA:1,21
DA:4,21
DA:8,21
DA:9,181
DA:10,50
DA:13,154
DA:14,149
DA:15,144
DA:18,21
DA:21,26
DA:22,26
DA:30,21
DA:31,21
DA:37,21
DA:38,173
DA:45,292
DA:49,728
DA:50,368
DA:56,16
DA:61,16
DA:62,136
DA:65,472
DA:66,40
DA:68,40
LF:24
LH:24
BRDA:8,0,0,896
BRDA:8,0,1,690
BRDA:10,1,0,154
BRDA:10,1,1,0
BRDA:13,2,0,210
BRDA:13,2,1,188
BRDA:14,3,0,0
BRDA:14,3,1,5
BRDA:14,4,0,13
BRDA:14,4,1,0
BRDA:21,5,0,18
BRDA:21,5,1,0
BRDA:30,6,0,445
BRDA:30,6,1,0
BRDA:49,7,0,440
BRDA:49,7,1,800
BRDA:49,8,0,496
BRDA:49,8,1,128
BRDA:49,8,2,0
BRDA:62,9,0,224
BRDA:62,9,1,0
BRDA:62,10,0,592
BRDA:62,10,1,0
BRDA:65,11,0,0
BRDA:65,11,1,224
BRDA:65,12,0,48
BRDA:65,12,1,176
BRDA:65,12,2,0
BRDA:65,12,3,0
BRF:29
BRH:18
end_of_record
TN:
SF:build/development/ids-tag-example/ids-tag-example.js
FN:9,(anonymous_0)
FN:16,(anonymous_1)
FNF:2
FNH:2
FNDA:16,(anonymous_0)
FNDA:16,(anonymous_1)
DA:9,16
DA:10,16
DA:18,16
DA:28,16
DA:29,16
LF:5
LH:5
BRF:0
BRH:0
end_of_record
TN:
SF:build/development/ids-text/ids-text.js
FN:9,(anonymous_0)
FN:17,(anonymous_1)
FN:29,__webpack_require__
FN:54,(anonymous_3)
FN:56,(anonymous_4)
FN:68,(anonymous_5)
FN:86,(anonymous_6)
FN:88,(anonymous_7)
FN:98,(anonymous_8)
FN:99,(anonymous_9)
FN:103,(anonymous_10)
FN:105,(anonymous_11)
FN:114,(anonymous_12)
FN:134,(anonymous_13)
FN:137,(anonymous_14)
FN:142,(anonymous_15)
FN:171,(anonymous_16)
FNF:34
FNH:34
FNDA:16,(anonymous_0)
FNDA:16,(anonymous_1)
FNDA:384,__webpack_require__
FNDA:16,(anonymous_3)
FNDA:248,(anonymous_4)
FNDA:72,(anonymous_5)
FNDA:16,(anonymous_6)
FNDA:208,(anonymous_7)
FNDA:16,(anonymous_8)
FNDA:2408,(anonymous_9)
FNDA:16,(anonymous_10)
FNDA:216,(anonymous_11)
FNDA:16,(anonymous_12)
FNDA:72,(anonymous_13)
FNDA:232,(anonymous_14)
FNDA:232,(anonymous_15)
FNDA:16,(anonymous_16)
DA:9,16
DA:11,16
DA:19,16
DA:26,16
DA:31,384
DA:32,384
DA:33,176
DA:36,216
DA:43,216
DA:46,216
DA:50,16
DA:54,16
DA:55,16
DA:56,16
DA:57,248
DA:58,16
DA:59,16
DA:60,16
DA:61,16
DA:63,240
DA:64,240
DA:65,16
DA:66,16
DA:67,16
DA:68,440
DA:69,440
DA:71,168
DA:72,208
DA:75,216
DA:76,16
DA:77,16
DA:78,800
DA:81,1024
DA:86,16
DA:88,16
DA:89,1784
DA:90,800
DA:91,800
DA:98,216
DA:99,2608
DA:103,16
DA:105,8
DA:106,208
DA:107,208
DA:109,208
DA:114,8
DA:120,8
DA:134,64
DA:137,8
DA:138,224
DA:141,224
DA:142,224
DA:143,224
DA:144,592
DA:145,592
DA:148,224
DA:150,224
DA:151,224
DA:152,224
DA:153,224
DA:154,0
DA:156,224
DA:158,224
DA:161,8
DA:162,8
DA:163,8
DA:171,8
DA:172,8
LF:68
LH:67
BRDA:32,0,0,336
BRDA:32,0,1,416
BRDA:57,1,0,800
BRDA:57,1,1,232
BRDA:58,2,0,800
BRDA:58,2,1,800
BRDA:59,3,0,216
BRDA:59,3,1,0
BRDA:68,4,0,272
BRDA:68,4,1,208
BRDA:68,5,0,64
BRDA:68,5,1,64
BRDA:68,5,2,64
BRDA:72,6,0,0
BRDA:72,6,1,0
BRDA:75,7,0,8
BRDA:75,7,1,0
BRDA:78,8,0,8
BRDA:78,8,1,0
BRDA:90,9,0,792
BRDA:90,9,1,0
BRDA:90,10,0,792
BRDA:90,10,1,792
BRDA:106,11,0,208
BRDA:106,11,1,0
BRDA:106,12,0,208
BRDA:106,12,1,208
BRDA:142,13,0,224
BRDA:142,13,1,0
BRDA:144,14,0,592
BRDA:144,14,1,0
BRDA:148,15,0,0
BRDA:148,15,1,224
BRDA:150,16,0,48
BRDA:150,16,1,176
BRDA:153,17,0,0
BRDA:153,17,1,224
BRDA:153,18,0,224
BRDA:153,18,1,0
BRDA:161,19,0,8
BRDA:161,19,1,0
BRF:41
BRH:28
end_of_record
TN:
SF:build/development/ids-theme-switcher/ids-theme-switcher.js
FN:9,(anonymous_0)
FN:17,(anonymous_1)
FN:27,(anonymous_2)
FN:37,(anonymous_3)
FN:47,(anonymous_4)
FN:57,(anonymous_5)
FN:69,__webpack_require__
FN:94,(anonymous_7)
FN:96,(anonymous_8)
FN:108,(anonymous_9)
FN:126,(anonymous_10)
FN:128,(anonymous_11)
FN:138,(anonymous_12)
FN:139,(anonymous_13)
FN:143,(anonymous_14)
FN:145,(anonymous_15)
FN:154,(anonymous_16)
FN:174,(anonymous_17)
FN:177,(anonymous_18)
FN:182,(anonymous_19)
FN:211,(anonymous_20)
FNF:67
FNH:67
FNDA:16,(anonymous_0)
FNDA:16,(anonymous_1)
FNDA:16,(anonymous_2)
FNDA:16,(anonymous_3)
FNDA:8,(anonymous_4)
FNDA:16,(anonymous_5)
FNDA:1280,__webpack_require__
FNDA:16,(anonymous_7)
FNDA:248,(anonymous_8)
FNDA:160,(anonymous_9)
FNDA:16,(anonymous_10)
FNDA:456,(anonymous_11)
FNDA:16,(anonymous_12)
FNDA:3096,(anonymous_13)
FNDA:16,(anonymous_14)
FNDA:464,(anonymous_15)
FNDA:16,(anonymous_16)
FNDA:160,(anonymous_17)
FNDA:232,(anonymous_18)
FNDA:232,(anonymous_19)
FNDA:16,(anonymous_20)
DA:9,16
DA:11,16
DA:19,16
DA:29,16
DA:39,16
DA:49,8
DA:59,16
DA:66,16
DA:71,1280
DA:72,1280
DA:73,808
DA:76,480
DA:83,480
DA:86,480
DA:90,16
DA:94,16
DA:95,16
DA:96,16
DA:97,248
DA:98,16
DA:99,16
DA:100,16
DA:101,16
DA:103,240
DA:104,240
DA:105,16
DA:106,16
DA:107,16
DA:108,160
DA:109,160
DA:111,8
DA:112,8
DA:115,16
DA:116,16
DA:117,16
DA:118,16
DA:121,240
DA:126,16
DA:128,16
DA:129,456
DA:130,1144
DA:131,1144
DA:138,16
DA:139,3096
DA:143,16
DA:145,16
DA:146,464
DA:147,464
DA:149,464
DA:154,16
DA:160,16
DA:174,160
DA:177,16
DA:178,1496
DA:181,1496
DA:182,1024
DA:183,696
DA:184,1064
DA:185,600
DA:188,448
DA:190,1360
DA:191,232
DA:192,232
DA:193,2496
DA:194,8
DA:196,232
DA:198,680
DA:201,464
DA:202,464
DA:203,16
DA:211,8
DA:212,8
LF:72
LH:72
BRDA:72,0,0,1600
BRDA:72,0,1,944
BRDA:97,1,0,1144
BRDA:97,1,1,232
BRDA:98,2,0,1144
BRDA:98,2,1,1144
BRDA:99,3,0,464
BRDA:99,3,1,0
BRDA:108,4,0,608
BRDA:108,4,1,456
BRDA:108,5,0,152
BRDA:108,5,1,152
BRDA:108,5,2,152
BRDA:112,6,0,0
BRDA:112,6,1,0
BRDA:115,7,0,8
BRDA:115,7,1,0
BRDA:118,8,0,8
BRDA:118,8,1,0
BRDA:130,9,0,1136
BRDA:130,9,1,0
BRDA:130,10,0,1136
BRDA:130,10,1,1136
BRDA:146,11,0,456
BRDA:146,11,1,0
BRDA:146,12,0,456
BRDA:146,12,1,456
BRDA:182,13,0,224
BRDA:182,13,1,0
BRDA:184,14,0,592
BRDA:184,14,1,0
BRDA:188,15,0,0
BRDA:188,15,1,224
BRDA:190,16,0,0
BRDA:190,16,1,224
BRDA:193,17,0,0
BRDA:193,17,1,224
BRDA:193,18,0,224
BRDA:193,18,1,0
BRDA:201,19,0,8
BRDA:201,19,1,0
BRF:41
BRH:27
end_of_record
TN:
SF:build/development/src_components_ids-button_ids-button_scss/src_components_ids-button_ids-button_scss.js
FN:16,(anonymous_0)
FNF:1
FNH:1
FNDA:16,(anonymous_0)
DA:10,8
DA:18,16
LF:2
LH:2
BRDA:10,0,0,8
BRDA:10,0,1,0
BRF:2
BRH:1
end_of_record
TN:
SF:build/development/src_components_ids-button_ids-button_ts/src_components_ids-button_ids-button_ts.js
FN:16,(anonymous_0)
FN:26,(anonymous_1)
FN:36,(anonymous_2)
FN:46,(anonymous_3)
FN:56,(anonymous_4)
FNF:5
FNH:5
FNDA:16,(anonymous_0)
FNDA:16,(anonymous_1)
FNDA:16,(anonymous_2)
FNDA:16,(anonymous_3)
FNDA:16,(anonymous_4)
DA:10,8
DA:18,16
DA:28,16
DA:38,16
DA:48,16
DA:58,16
LF:6
LH:6
BRDA:10,0,0,8
BRDA:10,0,1,0
BRF:2
BRH:1
end_of_record
TN:
SF:build/development/src_components_ids-card_ids-card_ts/src_components_ids-card_ids-card_ts.js
FN:16,(anonymous_0)
FN:26,(anonymous_1)
FN:36,(anonymous_2)
FNF:3
FNH:3
FNDA:8,(anonymous_0)
FNDA:8,(anonymous_1)
FNDA:8,(anonymous_2)
DA:10,8
DA:18,8
DA:28,8
DA:38,8
LF:4
LH:4
BRDA:10,0,0,8
BRDA:10,0,1,0
BRF:2
BRH:1
end_of_record
TN:
SF:build/development/src_components_ids-checkbox_ids-checkbox_scss/src_components_ids-checkbox_ids-checkbox_scss.js
FN:16,(anonymous_0)
FNF:1
FNH:1
FNDA:8,(anonymous_0)
DA:10,8
DA:18,8
LF:2
LH:2
BRDA:10,0,0,8
BRDA:10,0,1,0
BRF:2
BRH:1
end_of_record
TN:
SF:build/development/src_components_ids-checkbox_ids-checkbox_ts/src_components_ids-checkbox_ids-checkbox_ts.js
FN:16,(anonymous_0)
FN:26,(anonymous_1)
FNF:2
FNH:2
FNDA:8,(anonymous_0)
FNDA:8,(anonymous_1)
DA:10,8
DA:18,8
DA:28,8
LF:3
LH:3
BRDA:10,0,0,8
BRDA:10,0,1,0
BRF:2
BRH:1
end_of_record
TN:
SF:build/development/src_components_ids-hyperlink_ids-hyperlink_ts/src_components_ids-hyperlink_ids-hyperlink_ts.js
FN:16,(anonymous_0)
FN:26,(anonymous_1)
FN:36,(anonymous_2)
FNF:3
FNH:3
FNDA:8,(anonymous_0)
FNDA:8,(anonymous_1)
FNDA:8,(anonymous_2)
DA:10,8
DA:18,8
DA:28,8
DA:38,8
LF:4
LH:4
BRDA:10,0,0,8
BRDA:10,0,1,0
BRF:2
BRH:1
end_of_record
TN:
SF:build/development/src_components_ids-icon_ids-icon_ts/src_components_ids-icon_ids-icon_ts.js
FN:16,(anonymous_0)
FN:26,(anonymous_1)
FN:36,(anonymous_2)
FNF:3
FNH:3
FNDA:24,(anonymous_0)
FNDA:24,(anonymous_1)
FNDA:24,(anonymous_2)
DA:10,8
DA:18,24
DA:28,24
DA:38,24
LF:4
LH:4
BRDA:10,0,0,8
BRDA:10,0,1,0
BRF:2
BRH:1
end_of_record
TN:
SF:build/development/src_components_ids-layout-grid_ids-layout-grid_scss/src_components_ids-layout-grid_ids-layout-grid_scss.js
FN:16,(anonymous_0)
FNF:1
FNH:1
FNDA:8,(anonymous_0)
DA:10,8
DA:18,8
LF:2
LH:2
BRDA:10,0,0,8
BRDA:10,0,1,0
BRF:2
BRH:1
end_of_record
TN:
SF:build/development/src_components_ids-layout-grid_ids-layout-grid_ts/src_components_ids-layout-grid_ids-layout-grid_ts.js
FN:16,(anonymous_0)
FN:26,(anonymous_1)
FNF:2
FNH:2
FNDA:8,(anonymous_0)
FNDA:8,(anonymous_1)
DA:10,8
DA:18,8
DA:28,8
LF:3
LH:3
BRDA:10,0,0,8
BRDA:10,0,1,0
BRF:2
BRH:1
end_of_record
TN:
SF:build/development/src_components_ids-loading-indicator_ids-loading-indicator_ts/src_components_ids-loading-indicator_ids-loading-indicator_ts.js
FN:16,(anonymous_0)
FN:26,(anonymous_1)
FN:36,(anonymous_2)
FNF:3
FNH:3
FNDA:16,(anonymous_0)
FNDA:16,(anonymous_1)
FNDA:16,(anonymous_2)
DA:10,8
DA:18,16
DA:28,16
DA:38,16
LF:4
LH:4
BRDA:10,0,0,8
BRDA:10,0,1,0
BRF:2
BRH:1
end_of_record
TN:
SF:build/development/src_components_ids-locale_ids-locale_ts/src_components_ids-locale_ids-locale_ts.js
FN:16,(anonymous_0)
FN:26,(anonymous_1)
FN:36,(anonymous_2)
FN:46,(anonymous_3)
FN:56,(anonymous_4)
FNF:5
FNH:5
FNDA:48,(anonymous_0)
FNDA:48,(anonymous_1)
FNDA:48,(anonymous_2)
FNDA:48,(anonymous_3)
FNDA:48,(anonymous_4)
DA:10,8
DA:18,48
DA:28,48
DA:38,48
DA:48,48
DA:58,48
LF:6
LH:6
BRDA:10,0,0,8
BRDA:10,0,1,0
BRF:2
BRH:1
end_of_record
TN:
SF:build/development/src_components_ids-menu_ids-menu-group_scss-src_components_ids-menu_ids-menu-header_scss-src_-dbf285/src_components_ids-menu_ids-menu-group_scss-src_components_ids-menu_ids-menu-header_scss-src_-dbf285.js
FN:16,(anonymous_0)
FN:26,(anonymous_1)
FN:36,(anonymous_2)
FN:46,(anonymous_3)
FN:56,(anonymous_4)
FNF:5
FNH:5
FNDA:8,(anonymous_0)
FNDA:8,(anonymous_1)
FNDA:8,(anonymous_2)
FNDA:8,(anonymous_3)
FNDA:8,(anonymous_4)
DA:10,8
DA:18,8
DA:28,8
DA:38,8
DA:48,8
DA:58,8
LF:6
LH:6
BRDA:10,0,0,8
BRDA:10,0,1,0
BRF:2
BRH:1
end_of_record
TN:
SF:build/development/src_components_ids-menu_ids-menu-group_ts-src_components_ids-menu_ids-menu-item_ts-src_compon-420212/src_components_ids-menu_ids-menu-group_ts-src_components_ids-menu_ids-menu-item_ts-src_compon-420212.js
FN:16,(anonymous_0)
FN:26,(anonymous_1)
FN:36,(anonymous_2)
FN:46,(anonymous_3)
FN:56,(anonymous_4)
FNF:5
FNH:5
FNDA:8,(anonymous_0)
FNDA:8,(anonymous_1)
FNDA:8,(anonymous_2)
FNDA:8,(anonymous_3)
FNDA:8,(anonymous_4)
DA:10,8
DA:18,8
DA:28,8
DA:38,8
DA:48,8
DA:58,8
LF:6
LH:6
BRDA:10,0,0,8
BRDA:10,0,1,0
BRF:2
BRH:1
end_of_record
TN:
SF:build/development/src_components_ids-menu_ids-menu_ts/src_components_ids-menu_ids-menu_ts.js
FN:16,(anonymous_0)
FN:26,(anonymous_1)
FNF:2
FNH:2
FNDA:8,(anonymous_0)
FNDA:8,(anonymous_1)
DA:10,8
DA:18,8
DA:28,8
LF:3
LH:3
BRDA:10,0,0,8
BRDA:10,0,1,0
BRF:2
BRH:1
end_of_record
TN:
SF:build/development/src_components_ids-popup-menu_ids-popup-menu_ts/src_components_ids-popup-menu_ids-popup-menu_ts.js
FN:16,(anonymous_0)
FNF:1
FNH:1
FNDA:8,(anonymous_0)
DA:10,8
DA:18,8
LF:2
LH:2
BRDA:10,0,0,8
BRDA:10,0,1,0
BRF:2
BRH:1
end_of_record
TN:
SF:build/development/src_components_ids-popup_ids-popup_scss/src_components_ids-popup_ids-popup_scss.js
FN:16,(anonymous_0)
FNF:1
FNH:1
FNDA:24,(anonymous_0)
DA:10,8
DA:18,24
LF:2
LH:2
BRDA:10,0,0,8
BRDA:10,0,1,0
BRF:2
BRH:1
end_of_record
TN:
SF:build/development/src_components_ids-popup_ids-popup_ts/src_components_ids-popup_ids-popup_ts.js
FN:16,(anonymous_0)
FN:26,(anonymous_1)
FNF:2
FNH:2
FNDA:24,(anonymous_0)
FNDA:24,(anonymous_1)
DA:10,8
DA:18,24
DA:28,24
LF:3
LH:3
BRDA:10,0,0,8
BRDA:10,0,1,0
BRF:2
BRH:1
end_of_record
TN:
SF:build/development/src_components_ids-tag_ids-tag_ts/src_components_ids-tag_ids-tag_ts.js
FN:16,(anonymous_0)
FN:26,(anonymous_1)
FNF:2
FNH:2
FNDA:8,(anonymous_0)
FNDA:8,(anonymous_1)
DA:10,8
DA:18,8
DA:28,8
LF:3
LH:3
BRDA:10,0,0,8
BRDA:10,0,1,0
BRF:2
BRH:1
end_of_record
TN:
SF:build/development/src_components_ids-text_ids-text_ts/src_components_ids-text_ids-text_ts.js
FN:16,(anonymous_0)
FN:26,(anonymous_1)
FN:36,(anonymous_2)
FNF:3
FNH:3
FNDA:16,(anonymous_0)
FNDA:24,(anonymous_1)
FNDA:16,(anonymous_2)
DA:10,8
DA:18,16
DA:28,24
DA:38,16
LF:4
LH:4
BRDA:10,0,0,8
BRDA:10,0,1,0
BRF:2
BRH:1
end_of_record
TN:
SF:build/development/src_core_ids-attributes_ts-src_core_ids-decorators_ts-src_core_ids-element_ts/src_core_ids-attributes_ts-src_core_ids-decorators_ts-src_core_ids-element_ts.js
FN:16,(anonymous_0)
FN:26,(anonymous_1)
FN:36,(anonymous_2)
FN:46,(anonymous_3)
FNF:4
FNH:4
FNDA:48,(anonymous_0)
FNDA:48,(anonymous_1)
FNDA:48,(anonymous_2)
FNDA:48,(anonymous_3)
DA:10,8
DA:18,48
DA:28,48
DA:38,48
DA:48,48
LF:5
LH:5
BRDA:10,0,0,8
BRDA:10,0,1,8
BRF:2
BRH:2
end_of_record
TN:
SF:build/development/src_core_ids-data-source_ts/src_core_ids-data-source_ts.js
FN:16,(anonymous_0)
FN:26,(anonymous_1)
FNF:2
FNH:2
FNDA:8,(anonymous_0)
FNDA:8,(anonymous_1)
DA:10,8
DA:18,8
DA:28,8
LF:3
LH:3
BRDA:10,0,0,8
BRDA:10,0,1,0
BRF:2
BRH:1
end_of_record
TN:
SF:build/development/src_mixins_ids-attachment-mixin_ids-attachment-mixin_ts-src_mixins_ids-popup-interactions-mix-9b7040/src_mixins_ids-attachment-mixin_ids-attachment-mixin_ts-src_mixins_ids-popup-interactions-mix-9b7040.js
FN:16,(anonymous_0)
FN:26,(anonymous_1)
FN:36,(anonymous_2)
FNF:3
FNH:3
FNDA:8,(anonymous_0)
FNDA:8,(anonymous_1)
FNDA:8,(anonymous_2)
DA:10,8
DA:18,8
DA:28,8
DA:38,8
LF:4
LH:4
BRDA:10,0,0,8
BRDA:10,0,1,0
BRF:2
BRH:1
end_of_record
TN:
SF:build/development/src_mixins_ids-dirty-tracker-mixin_ids-dirty-tracker-mixin_ts-src_mixins_ids-validation-mixin-f0445e/src_mixins_ids-dirty-tracker-mixin_ids-dirty-tracker-mixin_ts-src_mixins_ids-validation-mixin-f0445e.js
FN:16,(anonymous_0)
FN:26,(anonymous_1)
FN:36,(anonymous_2)
FNF:3
FNH:3
FNDA:8,(anonymous_0)
FNDA:8,(anonymous_1)
FNDA:8,(anonymous_2)
DA:10,8
DA:18,8
DA:28,8
DA:38,8
LF:4
LH:4
BRDA:10,0,0,8
BRDA:10,0,1,0
BRF:2
BRH:1
end_of_record
TN:
SF:build/development/src_mixins_ids-events-mixin_ids-events-mixin_ts/src_mixins_ids-events-mixin_ids-events-mixin_ts.js
FN:16,(anonymous_0)
FN:26,(anonymous_1)
FN:36,(anonymous_2)
FNF:3
FNH:3
FNDA:48,(anonymous_0)
FNDA:48,(anonymous_1)
FNDA:48,(anonymous_2)
DA:10,8
DA:18,48
DA:28,48
DA:38,48
LF:4
LH:4
BRDA:10,0,0,8
BRDA:10,0,1,0
BRF:2
BRH:1
end_of_record
TN:
SF:build/development/src_mixins_ids-locale-mixin_ids-locale-mixin_ts-src_utils_ids-dom-utils_ids-dom-utils_ts-src_-0d5e42/src_mixins_ids-locale-mixin_ids-locale-mixin_ts-src_utils_ids-dom-utils_ids-dom-utils_ts-src_-0d5e42.js
FN:16,(anonymous_0)
FN:26,(anonymous_1)
FN:36,(anonymous_2)
FNF:3
FNH:3
FNDA:40,(anonymous_0)
FNDA:32,(anonymous_1)
FNDA:32,(anonymous_2)
DA:10,8
DA:18,40
DA:28,32
DA:38,32
LF:4
LH:4
BRDA:10,0,0,8
BRDA:10,0,1,0
BRF:2
BRH:1
end_of_record
TN:
SF:build/development/src_mixins_ids-tooltip-mixin_ids-tooltip-mixin_ts/src_mixins_ids-tooltip-mixin_ids-tooltip-mixin_ts.js
FN:16,(anonymous_0)
FN:26,(anonymous_1)
FN:36,(anonymous_2)
FN:46,(anonymous_3)
FNF:4
FNH:4
FNDA:24,(anonymous_0)
FNDA:32,(anonymous_1)
FNDA:24,(anonymous_2)
FNDA:24,(anonymous_3)
DA:10,8
DA:18,24
DA:28,32
DA:38,24
DA:48,24
LF:5
LH:5
BRDA:10,0,0,8
BRDA:10,0,1,0
BRF:2
BRH:1
end_of_record
TN:
SF:build/development/vendors-node_modules_ids-identity_dist_theme-new_icons_empty_path-data_json/vendors-node_modules_ids-identity_dist_theme-new_icons_empty_path-data_json.js
FN:16,(anonymous_0)
FNF:1
FNH:1
FNDA:24,(anonymous_0)
DA:10,8
DA:18,24
LF:2
LH:2
BRDA:10,0,0,8
BRDA:10,0,1,0
BRF:2
BRH:1
end_of_record
TN:
SF:build/development/vendors-node_modules_ids-identity_dist_theme-new_icons_standard_path-data_json/vendors-node_modules_ids-identity_dist_theme-new_icons_standard_path-data_json.js
FN:16,(anonymous_0)
FNF:1
FNH:1
FNDA:24,(anonymous_0)
DA:10,8
DA:18,24
LF:2
LH:2
BRDA:10,0,0,8
BRDA:10,0,1,0
BRF:2
BRH:1
end_of_record
TN:
SF:build/themes/mixins/ids-core-mixins.scss
FN:11,(anonymous_0)
FNF:1
FNH:1
FNDA:26,(anonymous_0)
DA:11,39
LF:1
LH:1
BRDA:11,0,0,64
BRDA:11,0,1,282
BRF:2
BRH:2
end_of_record
